1578911724637	mozrunner::runner	INFO	Running command: "/usr/bin/firefox" "-marionette" "--headless" "-foreground" "-no-remote" "-profile" "/tmp/rust_mozprofile.3s8Sl1HzaEAv"
*** You are running in headless mode.
1578911725111	addons.webextension.screenshots@mozilla.org	WARN	Loading extension 'screenshots@mozilla.org': Reading manifest: Invalid extension permission: mozillaAddons
1578911725111	addons.webextension.screenshots@mozilla.org	WARN	Loading extension 'screenshots@mozilla.org': Reading manifest: Invalid extension permission: telemetry
1578911725111	addons.webextension.screenshots@mozilla.org	WARN	Loading extension 'screenshots@mozilla.org': Reading manifest: Invalid extension permission: resource://pdf.js/
1578911725111	addons.webextension.screenshots@mozilla.org	WARN	Loading extension 'screenshots@mozilla.org': Reading manifest: Invalid extension permission: about:reader*
1578911727076	Marionette	INFO	Listening on port 34201
1578911727150	Marionette	WARN	TLS certificate errors will be ignored for this session

(/usr/lib/firefox/firefox:27643): dconf-WARNING **: 15:35:42.540: Unable to open /var/lib/snapd/desktop/dconf/profile/user: Permission denied
JavaScript warning: https://static.xx.fbcdn.net/rsrc.php/v3/yh/r/ntJTeGbXQFO.js?_nc_x=pAsM9Lw-doT&_nc_eui2=AeGcyNQKc7sH5_1xSds8Jxps0vTMtMGEPXInc9SRB_aYnddsA6fm7_bR21Uei2EIdHgu-aRSZHp6PH3V-W2FhAwxTAUTNPDu_DNaFW6NK3v8Eg, line 10: Error: WebGL warning: <SetDimensions>: Can't use WebGL in headless mode (https://bugzil.la/1375585).
JavaScript warning: https://static.xx.fbcdn.net/rsrc.php/v3/yh/r/ntJTeGbXQFO.js?_nc_x=pAsM9Lw-doT&_nc_eui2=AeGcyNQKc7sH5_1xSds8Jxps0vTMtMGEPXInc9SRB_aYnddsA6fm7_bR21Uei2EIdHgu-aRSZHp6PH3V-W2FhAwxTAUTNPDu_DNaFW6NK3v8Eg, line 10: Error: WebGL warning: <SetDimensions>: Failed to create WebGL context: WebGL creation failed: 
* Can't use WebGL in headless mode (https://bugzil.la/1375585).
JavaScript warning: https://static.xx.fbcdn.net/rsrc.php/v3/yh/r/ntJTeGbXQFO.js?_nc_x=pAsM9Lw-doT&_nc_eui2=AeGcyNQKc7sH5_1xSds8Jxps0vTMtMGEPXInc9SRB_aYnddsA6fm7_bR21Uei2EIdHgu-aRSZHp6PH3V-W2FhAwxTAUTNPDu_DNaFW6NK3v8Eg, line 10: Error: WebGL warning: <SetDimensions>: Can't use WebGL in headless mode (https://bugzil.la/1375585).
JavaScript warning: https://static.xx.fbcdn.net/rsrc.php/v3/yh/r/ntJTeGbXQFO.js?_nc_x=pAsM9Lw-doT&_nc_eui2=AeGcyNQKc7sH5_1xSds8Jxps0vTMtMGEPXInc9SRB_aYnddsA6fm7_bR21Uei2EIdHgu-aRSZHp6PH3V-W2FhAwxTAUTNPDu_DNaFW6NK3v8Eg, line 10: Error: WebGL warning: <SetDimensions>: Failed to create WebGL context: WebGL creation failed: 
* Can't use WebGL in headless mode (https://bugzil.la/1375585).
JavaScript warning: https://static.xx.fbcdn.net/rsrc.php/v3/y8/r/2VB0VDfSp1N.js?_nc_x=pAsM9Lw-doT&_nc_eui2=AeF2Cf0xgCHUqdK8AW8eTXBfqWctIY-0oJY-DP6Y0UTBp7TvpRb5P6iyEPlMufj8Y3-_zJGixCuX9h97MlHBT6-CiTypWCj9N4HLXrfOK-5Y2Q, line 4: Error: WebGL warning: <SetDimensions>: Can't use WebGL in headless mode (https://bugzil.la/1375585).
JavaScript warning: https://static.xx.fbcdn.net/rsrc.php/v3/y8/r/2VB0VDfSp1N.js?_nc_x=pAsM9Lw-doT&_nc_eui2=AeF2Cf0xgCHUqdK8AW8eTXBfqWctIY-0oJY-DP6Y0UTBp7TvpRb5P6iyEPlMufj8Y3-_zJGixCuX9h97MlHBT6-CiTypWCj9N4HLXrfOK-5Y2Q, line 4: Error: WebGL warning: <SetDimensions>: Failed to create WebGL context: WebGL creation failed: 
* Can't use WebGL in headless mode (https://bugzil.la/1375585).
JavaScript warning: https://static.xx.fbcdn.net/rsrc.php/v3/y8/r/2VB0VDfSp1N.js?_nc_x=pAsM9Lw-doT&_nc_eui2=AeF2Cf0xgCHUqdK8AW8eTXBfqWctIY-0oJY-DP6Y0UTBp7TvpRb5P6iyEPlMufj8Y3-_zJGixCuX9h97MlHBT6-CiTypWCj9N4HLXrfOK-5Y2Q, line 4: Error: WebGL warning: <SetDimensions>: Can't use WebGL in headless mode (https://bugzil.la/1375585).
JavaScript warning: https://static.xx.fbcdn.net/rsrc.php/v3/y8/r/2VB0VDfSp1N.js?_nc_x=pAsM9Lw-doT&_nc_eui2=AeF2Cf0xgCHUqdK8AW8eTXBfqWctIY-0oJY-DP6Y0UTBp7TvpRb5P6iyEPlMufj8Y3-_zJGixCuX9h97MlHBT6-CiTypWCj9N4HLXrfOK-5Y2Q, line 4: Error: WebGL warning: <SetDimensions>: Failed to create WebGL context: WebGL creation failed: 
* Can't use WebGL in headless mode (https://bugzil.la/1375585).
JavaScript warning: https://static.xx.fbcdn.net/rsrc.php/v3/yh/r/ntJTeGbXQFO.js?_nc_x=pAsM9Lw-doT&_nc_eui2=AeGcyNQKc7sH5_1xSds8Jxps0vTMtMGEPXInc9SRB_aYnddsA6fm7_bR21Uei2EIdHgu-aRSZHp6PH3V-W2FhAwxTAUTNPDu_DNaFW6NK3v8Eg, line 10: Error: WebGL warning: <SetDimensions>: Can't use WebGL in headless mode (https://bugzil.la/1375585).
JavaScript warning: https://static.xx.fbcdn.net/rsrc.php/v3/yh/r/ntJTeGbXQFO.js?_nc_x=pAsM9Lw-doT&_nc_eui2=AeGcyNQKc7sH5_1xSds8Jxps0vTMtMGEPXInc9SRB_aYnddsA6fm7_bR21Uei2EIdHgu-aRSZHp6PH3V-W2FhAwxTAUTNPDu_DNaFW6NK3v8Eg, line 10: Error: WebGL warning: <SetDimensions>: Failed to create WebGL context: WebGL creation failed: 
* Can't use WebGL in headless mode (https://bugzil.la/1375585).
JavaScript warning: https://static.xx.fbcdn.net/rsrc.php/v3/yh/r/ntJTeGbXQFO.js?_nc_x=pAsM9Lw-doT&_nc_eui2=AeGcyNQKc7sH5_1xSds8Jxps0vTMtMGEPXInc9SRB_aYnddsA6fm7_bR21Uei2EIdHgu-aRSZHp6PH3V-W2FhAwxTAUTNPDu_DNaFW6NK3v8Eg, line 10: Error: WebGL warning: <SetDimensions>: Can't use WebGL in headless mode (https://bugzil.la/1375585).
JavaScript warning: https://static.xx.fbcdn.net/rsrc.php/v3/yh/r/ntJTeGbXQFO.js?_nc_x=pAsM9Lw-doT&_nc_eui2=AeGcyNQKc7sH5_1xSds8Jxps0vTMtMGEPXInc9SRB_aYnddsA6fm7_bR21Uei2EIdHgu-aRSZHp6PH3V-W2FhAwxTAUTNPDu_DNaFW6NK3v8Eg, line 10: Error: WebGL warning: <SetDimensions>: Failed to create WebGL context: WebGL creation failed: 
* Can't use WebGL in headless mode (https://bugzil.la/1375585).
JavaScript warning: https://static.xx.fbcdn.net/rsrc.php/v3/yh/r/ntJTeGbXQFO.js?_nc_x=pAsM9Lw-doT&_nc_eui2=AeGcyNQKc7sH5_1xSds8Jxps0vTMtMGEPXInc9SRB_aYnddsA6fm7_bR21Uei2EIdHgu-aRSZHp6PH3V-W2FhAwxTAUTNPDu_DNaFW6NK3v8Eg, line 10: Error: WebGL warning: <SetDimensions>: Can't use WebGL in headless mode (https://bugzil.la/1375585).
JavaScript warning: https://static.xx.fbcdn.net/rsrc.php/v3/yh/r/ntJTeGbXQFO.js?_nc_x=pAsM9Lw-doT&_nc_eui2=AeGcyNQKc7sH5_1xSds8Jxps0vTMtMGEPXInc9SRB_aYnddsA6fm7_bR21Uei2EIdHgu-aRSZHp6PH3V-W2FhAwxTAUTNPDu_DNaFW6NK3v8Eg, line 10: Error: WebGL warning: <SetDimensions>: Failed to create WebGL context: WebGL creation failed: 
* Can't use WebGL in headless mode (https://bugzil.la/1375585).
JavaScript warning: https://static.xx.fbcdn.net/rsrc.php/v3/yh/r/ntJTeGbXQFO.js?_nc_x=pAsM9Lw-doT&_nc_eui2=AeGcyNQKc7sH5_1xSds8Jxps0vTMtMGEPXInc9SRB_aYnddsA6fm7_bR21Uei2EIdHgu-aRSZHp6PH3V-W2FhAwxTAUTNPDu_DNaFW6NK3v8Eg, line 10: Error: WebGL warning: <SetDimensions>: Can't use WebGL in headless mode (https://bugzil.la/1375585).
JavaScript warning: https://static.xx.fbcdn.net/rsrc.php/v3/yh/r/ntJTeGbXQFO.js?_nc_x=pAsM9Lw-doT&_nc_eui2=AeGcyNQKc7sH5_1xSds8Jxps0vTMtMGEPXInc9SRB_aYnddsA6fm7_bR21Uei2EIdHgu-aRSZHp6PH3V-W2FhAwxTAUTNPDu_DNaFW6NK3v8Eg, line 10: Error: WebGL warning: <SetDimensions>: Failed to create WebGL context: WebGL creation failed: 
* Can't use WebGL in headless mode (https://bugzil.la/1375585).
JavaScript warning: https://static.xx.fbcdn.net/rsrc.php/v3/yh/r/ntJTeGbXQFO.js?_nc_x=pAsM9Lw-doT&_nc_eui2=AeGcyNQKc7sH5_1xSds8Jxps0vTMtMGEPXInc9SRB_aYnddsA6fm7_bR21Uei2EIdHgu-aRSZHp6PH3V-W2FhAwxTAUTNPDu_DNaFW6NK3v8Eg, line 10: Error: WebGL warning: <SetDimensions>: Can't use WebGL in headless mode (https://bugzil.la/1375585).
JavaScript warning: https://static.xx.fbcdn.net/rsrc.php/v3/yh/r/ntJTeGbXQFO.js?_nc_x=pAsM9Lw-doT&_nc_eui2=AeGcyNQKc7sH5_1xSds8Jxps0vTMtMGEPXInc9SRB_aYnddsA6fm7_bR21Uei2EIdHgu-aRSZHp6PH3V-W2FhAwxTAUTNPDu_DNaFW6NK3v8Eg, line 10: Error: WebGL warning: <SetDimensions>: Failed to create WebGL context: WebGL creation failed: 
* Can't use WebGL in headless mode (https://bugzil.la/1375585).
JavaScript warning: https://static.xx.fbcdn.net/rsrc.php/v3/yh/r/ntJTeGbXQFO.js?_nc_x=pAsM9Lw-doT&_nc_eui2=AeGcyNQKc7sH5_1xSds8Jxps0vTMtMGEPXInc9SRB_aYnddsA6fm7_bR21Uei2EIdHgu-aRSZHp6PH3V-W2FhAwxTAUTNPDu_DNaFW6NK3v8Eg, line 10: Error: WebGL warning: <SetDimensions>: Can't use WebGL in headless mode (https://bugzil.la/1375585).
JavaScript warning: https://static.xx.fbcdn.net/rsrc.php/v3/yh/r/ntJTeGbXQFO.js?_nc_x=pAsM9Lw-doT&_nc_eui2=AeGcyNQKc7sH5_1xSds8Jxps0vTMtMGEPXInc9SRB_aYnddsA6fm7_bR21Uei2EIdHgu-aRSZHp6PH3V-W2FhAwxTAUTNPDu_DNaFW6NK3v8Eg, line 10: Error: WebGL warning: <SetDimensions>: Failed to create WebGL context: WebGL creation failed: 
* Can't use WebGL in headless mode (https://bugzil.la/1375585).
JavaScript warning: https://static.xx.fbcdn.net/rsrc.php/v3/yh/r/ntJTeGbXQFO.js?_nc_x=pAsM9Lw-doT&_nc_eui2=AeGcyNQKc7sH5_1xSds8Jxps0vTMtMGEPXInc9SRB_aYnddsA6fm7_bR21Uei2EIdHgu-aRSZHp6PH3V-W2FhAwxTAUTNPDu_DNaFW6NK3v8Eg, line 10: Error: WebGL warning: <SetDimensions>: Can't use WebGL in headless mode (https://bugzil.la/1375585).
JavaScript warning: https://static.xx.fbcdn.net/rsrc.php/v3/yh/r/ntJTeGbXQFO.js?_nc_x=pAsM9Lw-doT&_nc_eui2=AeGcyNQKc7sH5_1xSds8Jxps0vTMtMGEPXInc9SRB_aYnddsA6fm7_bR21Uei2EIdHgu-aRSZHp6PH3V-W2FhAwxTAUTNPDu_DNaFW6NK3v8Eg, line 10: Error: WebGL warning: <SetDimensions>: Failed to create WebGL context: WebGL creation failed: 
* Can't use WebGL in headless mode (https://bugzil.la/1375585).
JavaScript warning: https://static.xx.fbcdn.net/rsrc.php/v3/yh/r/ntJTeGbXQFO.js?_nc_x=pAsM9Lw-doT&_nc_eui2=AeGcyNQKc7sH5_1xSds8Jxps0vTMtMGEPXInc9SRB_aYnddsA6fm7_bR21Uei2EIdHgu-aRSZHp6PH3V-W2FhAwxTAUTNPDu_DNaFW6NK3v8Eg, line 10: Error: WebGL warning: <SetDimensions>: Can't use WebGL in headless mode (https://bugzil.la/1375585).
JavaScript warning: https://static.xx.fbcdn.net/rsrc.php/v3/yh/r/ntJTeGbXQFO.js?_nc_x=pAsM9Lw-doT&_nc_eui2=AeGcyNQKc7sH5_1xSds8Jxps0vTMtMGEPXInc9SRB_aYnddsA6fm7_bR21Uei2EIdHgu-aRSZHp6PH3V-W2FhAwxTAUTNPDu_DNaFW6NK3v8Eg, line 10: Error: WebGL warning: <SetDimensions>: Failed to create WebGL context: WebGL creation failed: 
* Can't use WebGL in headless mode (https://bugzil.la/1375585).
JavaScript warning: https://static.xx.fbcdn.net/rsrc.php/v3/yh/r/ntJTeGbXQFO.js?_nc_x=pAsM9Lw-doT&_nc_eui2=AeGcyNQKc7sH5_1xSds8Jxps0vTMtMGEPXInc9SRB_aYnddsA6fm7_bR21Uei2EIdHgu-aRSZHp6PH3V-W2FhAwxTAUTNPDu_DNaFW6NK3v8Eg, line 10: Error: WebGL warning: <SetDimensions>: Can't use WebGL in headless mode (https://bugzil.la/1375585).
JavaScript warning: https://static.xx.fbcdn.net/rsrc.php/v3/yh/r/ntJTeGbXQFO.js?_nc_x=pAsM9Lw-doT&_nc_eui2=AeGcyNQKc7sH5_1xSds8Jxps0vTMtMGEPXInc9SRB_aYnddsA6fm7_bR21Uei2EIdHgu-aRSZHp6PH3V-W2FhAwxTAUTNPDu_DNaFW6NK3v8Eg, line 10: Error: WebGL warning: <SetDimensions>: Failed to create WebGL context: WebGL creation failed: 
* Can't use WebGL in headless mode (https://bugzil.la/1375585).
JavaScript warning: https://static.xx.fbcdn.net/rsrc.php/v3/yh/r/ntJTeGbXQFO.js?_nc_x=pAsM9Lw-doT&_nc_eui2=AeGcyNQKc7sH5_1xSds8Jxps0vTMtMGEPXInc9SRB_aYnddsA6fm7_bR21Uei2EIdHgu-aRSZHp6PH3V-W2FhAwxTAUTNPDu_DNaFW6NK3v8Eg, line 10: Error: WebGL warning: <SetDimensions>: Can't use WebGL in headless mode (https://bugzil.la/1375585).
JavaScript warning: https://static.xx.fbcdn.net/rsrc.php/v3/yh/r/ntJTeGbXQFO.js?_nc_x=pAsM9Lw-doT&_nc_eui2=AeGcyNQKc7sH5_1xSds8Jxps0vTMtMGEPXInc9SRB_aYnddsA6fm7_bR21Uei2EIdHgu-aRSZHp6PH3V-W2FhAwxTAUTNPDu_DNaFW6NK3v8Eg, line 10: Error: WebGL warning: <SetDimensions>: Failed to create WebGL context: WebGL creation failed: 
* Can't use WebGL in headless mode (https://bugzil.la/1375585).
JavaScript warning: https://static.xx.fbcdn.net/rsrc.php/v3/yh/r/ntJTeGbXQFO.js?_nc_x=pAsM9Lw-doT&_nc_eui2=AeGcyNQKc7sH5_1xSds8Jxps0vTMtMGEPXInc9SRB_aYnddsA6fm7_bR21Uei2EIdHgu-aRSZHp6PH3V-W2FhAwxTAUTNPDu_DNaFW6NK3v8Eg, line 10: Error: WebGL warning: <SetDimensions>: Can't use WebGL in headless mode (https://bugzil.la/1375585).
JavaScript warning: https://static.xx.fbcdn.net/rsrc.php/v3/yh/r/ntJTeGbXQFO.js?_nc_x=pAsM9Lw-doT&_nc_eui2=AeGcyNQKc7sH5_1xSds8Jxps0vTMtMGEPXInc9SRB_aYnddsA6fm7_bR21Uei2EIdHgu-aRSZHp6PH3V-W2FhAwxTAUTNPDu_DNaFW6NK3v8Eg, line 10: Error: WebGL warning: <SetDimensions>: Failed to create WebGL context: WebGL creation failed: 
* Can't use WebGL in headless mode (https://bugzil.la/1375585).
JavaScript warning: https://static.xx.fbcdn.net/rsrc.php/v3/yh/r/ntJTeGbXQFO.js?_nc_x=pAsM9Lw-doT&_nc_eui2=AeGcyNQKc7sH5_1xSds8Jxps0vTMtMGEPXInc9SRB_aYnddsA6fm7_bR21Uei2EIdHgu-aRSZHp6PH3V-W2FhAwxTAUTNPDu_DNaFW6NK3v8Eg, line 10: Error: WebGL warning: <SetDimensions>: Can't use WebGL in headless mode (https://bugzil.la/1375585).
JavaScript warning: https://static.xx.fbcdn.net/rsrc.php/v3/yh/r/ntJTeGbXQFO.js?_nc_x=pAsM9Lw-doT&_nc_eui2=AeGcyNQKc7sH5_1xSds8Jxps0vTMtMGEPXInc9SRB_aYnddsA6fm7_bR21Uei2EIdHgu-aRSZHp6PH3V-W2FhAwxTAUTNPDu_DNaFW6NK3v8Eg, line 10: Error: WebGL warning: <SetDimensions>: Failed to create WebGL context: WebGL creation failed: 
* Can't use WebGL in headless mode (https://bugzil.la/1375585).
JavaScript warning: https://static.xx.fbcdn.net/rsrc.php/v3/yh/r/ntJTeGbXQFO.js?_nc_x=pAsM9Lw-doT&_nc_eui2=AeGcyNQKc7sH5_1xSds8Jxps0vTMtMGEPXInc9SRB_aYnddsA6fm7_bR21Uei2EIdHgu-aRSZHp6PH3V-W2FhAwxTAUTNPDu_DNaFW6NK3v8Eg, line 10: Error: WebGL warning: <SetDimensions>: Can't use WebGL in headless mode (https://bugzil.la/1375585).
JavaScript warning: https://static.xx.fbcdn.net/rsrc.php/v3/yh/r/ntJTeGbXQFO.js?_nc_x=pAsM9Lw-doT&_nc_eui2=AeGcyNQKc7sH5_1xSds8Jxps0vTMtMGEPXInc9SRB_aYnddsA6fm7_bR21Uei2EIdHgu-aRSZHp6PH3V-W2FhAwxTAUTNPDu_DNaFW6NK3v8Eg, line 10: Error: WebGL warning: <SetDimensions>: Failed to create WebGL context: WebGL creation failed: 
* Can't use WebGL in headless mode (https://bugzil.la/1375585).
JavaScript warning: https://static.xx.fbcdn.net/rsrc.php/v3/yh/r/ntJTeGbXQFO.js?_nc_x=pAsM9Lw-doT&_nc_eui2=AeGcyNQKc7sH5_1xSds8Jxps0vTMtMGEPXInc9SRB_aYnddsA6fm7_bR21Uei2EIdHgu-aRSZHp6PH3V-W2FhAwxTAUTNPDu_DNaFW6NK3v8Eg, line 10: Error: WebGL warning: <SetDimensions>: Can't use WebGL in headless mode (https://bugzil.la/1375585).
JavaScript warning: https://static.xx.fbcdn.net/rsrc.php/v3/yh/r/ntJTeGbXQFO.js?_nc_x=pAsM9Lw-doT&_nc_eui2=AeGcyNQKc7sH5_1xSds8Jxps0vTMtMGEPXInc9SRB_aYnddsA6fm7_bR21Uei2EIdHgu-aRSZHp6PH3V-W2FhAwxTAUTNPDu_DNaFW6NK3v8Eg, line 10: Error: WebGL warning: <SetDimensions>: Failed to create WebGL context: WebGL creation failed: 
* Can't use WebGL in headless mode (https://bugzil.la/1375585).
JavaScript warning: https://static.xx.fbcdn.net/rsrc.php/v3/yh/r/ntJTeGbXQFO.js?_nc_x=pAsM9Lw-doT&_nc_eui2=AeGcyNQKc7sH5_1xSds8Jxps0vTMtMGEPXInc9SRB_aYnddsA6fm7_bR21Uei2EIdHgu-aRSZHp6PH3V-W2FhAwxTAUTNPDu_DNaFW6NK3v8Eg, line 10: Error: WebGL warning: <SetDimensions>: Can't use WebGL in headless mode (https://bugzil.la/1375585).
JavaScript warning: https://static.xx.fbcdn.net/rsrc.php/v3/yh/r/ntJTeGbXQFO.js?_nc_x=pAsM9Lw-doT&_nc_eui2=AeGcyNQKc7sH5_1xSds8Jxps0vTMtMGEPXInc9SRB_aYnddsA6fm7_bR21Uei2EIdHgu-aRSZHp6PH3V-W2FhAwxTAUTNPDu_DNaFW6NK3v8Eg, line 10: Error: WebGL warning: <SetDimensions>: Failed to create WebGL context: WebGL creation failed: 
* Can't use WebGL in headless mode (https://bugzil.la/1375585).
JavaScript warning: https://static.xx.fbcdn.net/rsrc.php/v3/yh/r/ntJTeGbXQFO.js?_nc_x=pAsM9Lw-doT&_nc_eui2=AeGcyNQKc7sH5_1xSds8Jxps0vTMtMGEPXInc9SRB_aYnddsA6fm7_bR21Uei2EIdHgu-aRSZHp6PH3V-W2FhAwxTAUTNPDu_DNaFW6NK3v8Eg, line 10: Error: WebGL warning: <SetDimensions>: Can't use WebGL in headless mode (https://bugzil.la/1375585).
JavaScript warning: https://static.xx.fbcdn.net/rsrc.php/v3/yh/r/ntJTeGbXQFO.js?_nc_x=pAsM9Lw-doT&_nc_eui2=AeGcyNQKc7sH5_1xSds8Jxps0vTMtMGEPXInc9SRB_aYnddsA6fm7_bR21Uei2EIdHgu-aRSZHp6PH3V-W2FhAwxTAUTNPDu_DNaFW6NK3v8Eg, line 10: Error: WebGL warning: <SetDimensions>: Failed to create WebGL context: WebGL creation failed: 
* Can't use WebGL in headless mode (https://bugzil.la/1375585).
JavaScript warning: https://static.xx.fbcdn.net/rsrc.php/v3/yh/r/ntJTeGbXQFO.js?_nc_x=pAsM9Lw-doT&_nc_eui2=AeGcyNQKc7sH5_1xSds8Jxps0vTMtMGEPXInc9SRB_aYnddsA6fm7_bR21Uei2EIdHgu-aRSZHp6PH3V-W2FhAwxTAUTNPDu_DNaFW6NK3v8Eg, line 10: Error: WebGL warning: <SetDimensions>: Can't use WebGL in headless mode (https://bugzil.la/1375585).
JavaScript warning: https://static.xx.fbcdn.net/rsrc.php/v3/yh/r/ntJTeGbXQFO.js?_nc_x=pAsM9Lw-doT&_nc_eui2=AeGcyNQKc7sH5_1xSds8Jxps0vTMtMGEPXInc9SRB_aYnddsA6fm7_bR21Uei2EIdHgu-aRSZHp6PH3V-W2FhAwxTAUTNPDu_DNaFW6NK3v8Eg, line 10: Error: WebGL warning: <SetDimensions>: Failed to create WebGL context: WebGL creation failed: 
* Can't use WebGL in headless mode (https://bugzil.la/1375585).
JavaScript warning: https://static.xx.fbcdn.net/rsrc.php/v3/yh/r/ntJTeGbXQFO.js?_nc_x=pAsM9Lw-doT&_nc_eui2=AeGcyNQKc7sH5_1xSds8Jxps0vTMtMGEPXInc9SRB_aYnddsA6fm7_bR21Uei2EIdHgu-aRSZHp6PH3V-W2FhAwxTAUTNPDu_DNaFW6NK3v8Eg, line 10: Error: WebGL warning: <SetDimensions>: Can't use WebGL in headless mode (https://bugzil.la/1375585).
JavaScript warning: https://static.xx.fbcdn.net/rsrc.php/v3/yh/r/ntJTeGbXQFO.js?_nc_x=pAsM9Lw-doT&_nc_eui2=AeGcyNQKc7sH5_1xSds8Jxps0vTMtMGEPXInc9SRB_aYnddsA6fm7_bR21Uei2EIdHgu-aRSZHp6PH3V-W2FhAwxTAUTNPDu_DNaFW6NK3v8Eg, line 10: Error: WebGL warning: <SetDimensions>: Failed to create WebGL context: WebGL creation failed: 
* Can't use WebGL in headless mode (https://bugzil.la/1375585).
JavaScript warning: https://static.xx.fbcdn.net/rsrc.php/v3/yh/r/ntJTeGbXQFO.js?_nc_x=pAsM9Lw-doT&_nc_eui2=AeGcyNQKc7sH5_1xSds8Jxps0vTMtMGEPXInc9SRB_aYnddsA6fm7_bR21Uei2EIdHgu-aRSZHp6PH3V-W2FhAwxTAUTNPDu_DNaFW6NK3v8Eg, line 10: Error: WebGL warning: <SetDimensions>: Can't use WebGL in headless mode (https://bugzil.la/1375585).
JavaScript warning: https://static.xx.fbcdn.net/rsrc.php/v3/yh/r/ntJTeGbXQFO.js?_nc_x=pAsM9Lw-doT&_nc_eui2=AeGcyNQKc7sH5_1xSds8Jxps0vTMtMGEPXInc9SRB_aYnddsA6fm7_bR21Uei2EIdHgu-aRSZHp6PH3V-W2FhAwxTAUTNPDu_DNaFW6NK3v8Eg, line 10: Error: WebGL warning: <SetDimensions>: Failed to create WebGL context: WebGL creation failed: 
* Can't use WebGL in headless mode (https://bugzil.la/1375585).
JavaScript warning: https://static.xx.fbcdn.net/rsrc.php/v3/yh/r/ntJTeGbXQFO.js?_nc_x=pAsM9Lw-doT&_nc_eui2=AeGcyNQKc7sH5_1xSds8Jxps0vTMtMGEPXInc9SRB_aYnddsA6fm7_bR21Uei2EIdHgu-aRSZHp6PH3V-W2FhAwxTAUTNPDu_DNaFW6NK3v8Eg, line 10: Error: WebGL warning: <SetDimensions>: Can't use WebGL in headless mode (https://bugzil.la/1375585).
JavaScript warning: https://static.xx.fbcdn.net/rsrc.php/v3/yh/r/ntJTeGbXQFO.js?_nc_x=pAsM9Lw-doT&_nc_eui2=AeGcyNQKc7sH5_1xSds8Jxps0vTMtMGEPXInc9SRB_aYnddsA6fm7_bR21Uei2EIdHgu-aRSZHp6PH3V-W2FhAwxTAUTNPDu_DNaFW6NK3v8Eg, line 10: Error: WebGL warning: <SetDimensions>: Failed to create WebGL context: WebGL creation failed: 
* Can't use WebGL in headless mode (https://bugzil.la/1375585).
JavaScript warning: https://static.xx.fbcdn.net/rsrc.php/v3/yh/r/ntJTeGbXQFO.js?_nc_x=pAsM9Lw-doT&_nc_eui2=AeGcyNQKc7sH5_1xSds8Jxps0vTMtMGEPXInc9SRB_aYnddsA6fm7_bR21Uei2EIdHgu-aRSZHp6PH3V-W2FhAwxTAUTNPDu_DNaFW6NK3v8Eg, line 10: Error: WebGL warning: <SetDimensions>: Can't use WebGL in headless mode (https://bugzil.la/1375585).
JavaScript warning: https://static.xx.fbcdn.net/rsrc.php/v3/yh/r/ntJTeGbXQFO.js?_nc_x=pAsM9Lw-doT&_nc_eui2=AeGcyNQKc7sH5_1xSds8Jxps0vTMtMGEPXInc9SRB_aYnddsA6fm7_bR21Uei2EIdHgu-aRSZHp6PH3V-W2FhAwxTAUTNPDu_DNaFW6NK3v8Eg, line 10: Error: WebGL warning: <SetDimensions>: Failed to create WebGL context: WebGL creation failed: 
* Can't use WebGL in headless mode (https://bugzil.la/1375585).
JavaScript warning: https://static.xx.fbcdn.net/rsrc.php/v3/yh/r/ntJTeGbXQFO.js?_nc_x=pAsM9Lw-doT&_nc_eui2=AeGcyNQKc7sH5_1xSds8Jxps0vTMtMGEPXInc9SRB_aYnddsA6fm7_bR21Uei2EIdHgu-aRSZHp6PH3V-W2FhAwxTAUTNPDu_DNaFW6NK3v8Eg, line 10: Error: WebGL warning: <SetDimensions>: Can't use WebGL in headless mode (https://bugzil.la/1375585).
JavaScript warning: https://static.xx.fbcdn.net/rsrc.php/v3/yh/r/ntJTeGbXQFO.js?_nc_x=pAsM9Lw-doT&_nc_eui2=AeGcyNQKc7sH5_1xSds8Jxps0vTMtMGEPXInc9SRB_aYnddsA6fm7_bR21Uei2EIdHgu-aRSZHp6PH3V-W2FhAwxTAUTNPDu_DNaFW6NK3v8Eg, line 10: Error: WebGL warning: <SetDimensions>: Failed to create WebGL context: WebGL creation failed: 
* Can't use WebGL in headless mode (https://bugzil.la/1375585).
JavaScript warning: https://static.xx.fbcdn.net/rsrc.php/v3/yh/r/ntJTeGbXQFO.js?_nc_x=pAsM9Lw-doT&_nc_eui2=AeGcyNQKc7sH5_1xSds8Jxps0vTMtMGEPXInc9SRB_aYnddsA6fm7_bR21Uei2EIdHgu-aRSZHp6PH3V-W2FhAwxTAUTNPDu_DNaFW6NK3v8Eg, line 10: Error: WebGL warning: <SetDimensions>: Can't use WebGL in headless mode (https://bugzil.la/1375585).
JavaScript warning: https://static.xx.fbcdn.net/rsrc.php/v3/yh/r/ntJTeGbXQFO.js?_nc_x=pAsM9Lw-doT&_nc_eui2=AeGcyNQKc7sH5_1xSds8Jxps0vTMtMGEPXInc9SRB_aYnddsA6fm7_bR21Uei2EIdHgu-aRSZHp6PH3V-W2FhAwxTAUTNPDu_DNaFW6NK3v8Eg, line 10: Error: WebGL warning: <SetDimensions>: Failed to create WebGL context: WebGL creation failed: 
* Can't use WebGL in headless mode (https://bugzil.la/1375585).
JavaScript warning: https://static.xx.fbcdn.net/rsrc.php/v3/yh/r/ntJTeGbXQFO.js?_nc_x=pAsM9Lw-doT&_nc_eui2=AeGcyNQKc7sH5_1xSds8Jxps0vTMtMGEPXInc9SRB_aYnddsA6fm7_bR21Uei2EIdHgu-aRSZHp6PH3V-W2FhAwxTAUTNPDu_DNaFW6NK3v8Eg, line 10: Error: WebGL warning: <SetDimensions>: Can't use WebGL in headless mode (https://bugzil.la/1375585).
JavaScript warning: https://static.xx.fbcdn.net/rsrc.php/v3/yh/r/ntJTeGbXQFO.js?_nc_x=pAsM9Lw-doT&_nc_eui2=AeGcyNQKc7sH5_1xSds8Jxps0vTMtMGEPXInc9SRB_aYnddsA6fm7_bR21Uei2EIdHgu-aRSZHp6PH3V-W2FhAwxTAUTNPDu_DNaFW6NK3v8Eg, line 10: Error: WebGL warning: <SetDimensions>: Failed to create WebGL context: WebGL creation failed: 
* Can't use WebGL in headless mode (https://bugzil.la/1375585).
JavaScript warning: https://static.xx.fbcdn.net/rsrc.php/v3/yh/r/ntJTeGbXQFO.js?_nc_x=pAsM9Lw-doT&_nc_eui2=AeGcyNQKc7sH5_1xSds8Jxps0vTMtMGEPXInc9SRB_aYnddsA6fm7_bR21Uei2EIdHgu-aRSZHp6PH3V-W2FhAwxTAUTNPDu_DNaFW6NK3v8Eg, line 10: Error: WebGL warning: <SetDimensions>: Can't use WebGL in headless mode (https://bugzil.la/1375585).
JavaScript warning: https://static.xx.fbcdn.net/rsrc.php/v3/yh/r/ntJTeGbXQFO.js?_nc_x=pAsM9Lw-doT&_nc_eui2=AeGcyNQKc7sH5_1xSds8Jxps0vTMtMGEPXInc9SRB_aYnddsA6fm7_bR21Uei2EIdHgu-aRSZHp6PH3V-W2FhAwxTAUTNPDu_DNaFW6NK3v8Eg, line 10: Error: WebGL warning: <SetDimensions>: Failed to create WebGL context: WebGL creation failed: 
* Can't use WebGL in headless mode (https://bugzil.la/1375585).
JavaScript warning: https://static.xx.fbcdn.net/rsrc.php/v3/yh/r/ntJTeGbXQFO.js?_nc_x=pAsM9Lw-doT&_nc_eui2=AeGcyNQKc7sH5_1xSds8Jxps0vTMtMGEPXInc9SRB_aYnddsA6fm7_bR21Uei2EIdHgu-aRSZHp6PH3V-W2FhAwxTAUTNPDu_DNaFW6NK3v8Eg, line 10: Error: WebGL warning: <SetDimensions>: Can't use WebGL in headless mode (https://bugzil.la/1375585).
JavaScript warning: https://static.xx.fbcdn.net/rsrc.php/v3/yh/r/ntJTeGbXQFO.js?_nc_x=pAsM9Lw-doT&_nc_eui2=AeGcyNQKc7sH5_1xSds8Jxps0vTMtMGEPXInc9SRB_aYnddsA6fm7_bR21Uei2EIdHgu-aRSZHp6PH3V-W2FhAwxTAUTNPDu_DNaFW6NK3v8Eg, line 10: Error: WebGL warning: <SetDimensions>: Failed to create WebGL context: WebGL creation failed: 
* Can't use WebGL in headless mode (https://bugzil.la/1375585).
JavaScript warning: https://static.xx.fbcdn.net/rsrc.php/v3/yh/r/ntJTeGbXQFO.js?_nc_x=pAsM9Lw-doT&_nc_eui2=AeGcyNQKc7sH5_1xSds8Jxps0vTMtMGEPXInc9SRB_aYnddsA6fm7_bR21Uei2EIdHgu-aRSZHp6PH3V-W2FhAwxTAUTNPDu_DNaFW6NK3v8Eg, line 10: Error: WebGL warning: <SetDimensions>: Can't use WebGL in headless mode (https://bugzil.la/1375585).
JavaScript warning: https://static.xx.fbcdn.net/rsrc.php/v3/yh/r/ntJTeGbXQFO.js?_nc_x=pAsM9Lw-doT&_nc_eui2=AeGcyNQKc7sH5_1xSds8Jxps0vTMtMGEPXInc9SRB_aYnddsA6fm7_bR21Uei2EIdHgu-aRSZHp6PH3V-W2FhAwxTAUTNPDu_DNaFW6NK3v8Eg, line 10: Error: WebGL warning: <SetDimensions>: Failed to create WebGL context: WebGL creation failed: 
* Can't use WebGL in headless mode (https://bugzil.la/1375585).
JavaScript warning: https://static.xx.fbcdn.net/rsrc.php/v3/yh/r/ntJTeGbXQFO.js?_nc_x=pAsM9Lw-doT&_nc_eui2=AeGcyNQKc7sH5_1xSds8Jxps0vTMtMGEPXInc9SRB_aYnddsA6fm7_bR21Uei2EIdHgu-aRSZHp6PH3V-W2FhAwxTAUTNPDu_DNaFW6NK3v8Eg, line 10: Error: WebGL warning: <SetDimensions>: Can't use WebGL in headless mode (https://bugzil.la/1375585).
JavaScript warning: https://static.xx.fbcdn.net/rsrc.php/v3/yh/r/ntJTeGbXQFO.js?_nc_x=pAsM9Lw-doT&_nc_eui2=AeGcyNQKc7sH5_1xSds8Jxps0vTMtMGEPXInc9SRB_aYnddsA6fm7_bR21Uei2EIdHgu-aRSZHp6PH3V-W2FhAwxTAUTNPDu_DNaFW6NK3v8Eg, line 10: Error: WebGL warning: <SetDimensions>: Failed to create WebGL context: WebGL creation failed: 
* Can't use WebGL in headless mode (https://bugzil.la/1375585).
JavaScript warning: https://static.xx.fbcdn.net/rsrc.php/v3/yh/r/ntJTeGbXQFO.js?_nc_x=pAsM9Lw-doT&_nc_eui2=AeGcyNQKc7sH5_1xSds8Jxps0vTMtMGEPXInc9SRB_aYnddsA6fm7_bR21Uei2EIdHgu-aRSZHp6PH3V-W2FhAwxTAUTNPDu_DNaFW6NK3v8Eg, line 10: Error: WebGL warning: <SetDimensions>: Can't use WebGL in headless mode (https://bugzil.la/1375585).
JavaScript warning: https://static.xx.fbcdn.net/rsrc.php/v3/yh/r/ntJTeGbXQFO.js?_nc_x=pAsM9Lw-doT&_nc_eui2=AeGcyNQKc7sH5_1xSds8Jxps0vTMtMGEPXInc9SRB_aYnddsA6fm7_bR21Uei2EIdHgu-aRSZHp6PH3V-W2FhAwxTAUTNPDu_DNaFW6NK3v8Eg, line 10: Error: WebGL warning: <SetDimensions>: Failed to create WebGL context: WebGL creation failed: 
* Can't use WebGL in headless mode (https://bugzil.la/1375585).
JavaScript warning: https://static.xx.fbcdn.net/rsrc.php/v3/yh/r/ntJTeGbXQFO.js?_nc_x=pAsM9Lw-doT&_nc_eui2=AeGcyNQKc7sH5_1xSds8Jxps0vTMtMGEPXInc9SRB_aYnddsA6fm7_bR21Uei2EIdHgu-aRSZHp6PH3V-W2FhAwxTAUTNPDu_DNaFW6NK3v8Eg, line 10: Error: WebGL warning: <SetDimensions>: Can't use WebGL in headless mode (https://bugzil.la/1375585).
JavaScript warning: https://static.xx.fbcdn.net/rsrc.php/v3/yh/r/ntJTeGbXQFO.js?_nc_x=pAsM9Lw-doT&_nc_eui2=AeGcyNQKc7sH5_1xSds8Jxps0vTMtMGEPXInc9SRB_aYnddsA6fm7_bR21Uei2EIdHgu-aRSZHp6PH3V-W2FhAwxTAUTNPDu_DNaFW6NK3v8Eg, line 10: Error: WebGL warning: <SetDimensions>: Failed to create WebGL context: WebGL creation failed: 
* Can't use WebGL in headless mode (https://bugzil.la/1375585).
JavaScript warning: https://static.xx.fbcdn.net/rsrc.php/v3/yh/r/ntJTeGbXQFO.js?_nc_x=pAsM9Lw-doT&_nc_eui2=AeGcyNQKc7sH5_1xSds8Jxps0vTMtMGEPXInc9SRB_aYnddsA6fm7_bR21Uei2EIdHgu-aRSZHp6PH3V-W2FhAwxTAUTNPDu_DNaFW6NK3v8Eg, line 10: Error: WebGL warning: <SetDimensions>: Can't use WebGL in headless mode (https://bugzil.la/1375585).
JavaScript warning: https://static.xx.fbcdn.net/rsrc.php/v3/yh/r/ntJTeGbXQFO.js?_nc_x=pAsM9Lw-doT&_nc_eui2=AeGcyNQKc7sH5_1xSds8Jxps0vTMtMGEPXInc9SRB_aYnddsA6fm7_bR21Uei2EIdHgu-aRSZHp6PH3V-W2FhAwxTAUTNPDu_DNaFW6NK3v8Eg, line 10: Error: WebGL warning: <SetDimensions>: Failed to create WebGL context: WebGL creation failed: 
* Can't use WebGL in headless mode (https://bugzil.la/1375585).
JavaScript warning: https://static.xx.fbcdn.net/rsrc.php/v3/yh/r/ntJTeGbXQFO.js?_nc_x=pAsM9Lw-doT&_nc_eui2=AeGcyNQKc7sH5_1xSds8Jxps0vTMtMGEPXInc9SRB_aYnddsA6fm7_bR21Uei2EIdHgu-aRSZHp6PH3V-W2FhAwxTAUTNPDu_DNaFW6NK3v8Eg, line 10: Error: WebGL warning: <SetDimensions>: Can't use WebGL in headless mode (https://bugzil.la/1375585).
JavaScript warning: https://static.xx.fbcdn.net/rsrc.php/v3/yh/r/ntJTeGbXQFO.js?_nc_x=pAsM9Lw-doT&_nc_eui2=AeGcyNQKc7sH5_1xSds8Jxps0vTMtMGEPXInc9SRB_aYnddsA6fm7_bR21Uei2EIdHgu-aRSZHp6PH3V-W2FhAwxTAUTNPDu_DNaFW6NK3v8Eg, line 10: Error: WebGL warning: <SetDimensions>: Failed to create WebGL context: WebGL creation failed: 
* Can't use WebGL in headless mode (https://bugzil.la/1375585).
JavaScript warning: https://static.xx.fbcdn.net/rsrc.php/v3/yh/r/ntJTeGbXQFO.js?_nc_x=pAsM9Lw-doT&_nc_eui2=AeGcyNQKc7sH5_1xSds8Jxps0vTMtMGEPXInc9SRB_aYnddsA6fm7_bR21Uei2EIdHgu-aRSZHp6PH3V-W2FhAwxTAUTNPDu_DNaFW6NK3v8Eg, line 10: Error: WebGL warning: <SetDimensions>: Can't use WebGL in headless mode (https://bugzil.la/1375585).
JavaScript warning: https://static.xx.fbcdn.net/rsrc.php/v3/yh/r/ntJTeGbXQFO.js?_nc_x=pAsM9Lw-doT&_nc_eui2=AeGcyNQKc7sH5_1xSds8Jxps0vTMtMGEPXInc9SRB_aYnddsA6fm7_bR21Uei2EIdHgu-aRSZHp6PH3V-W2FhAwxTAUTNPDu_DNaFW6NK3v8Eg, line 10: Error: WebGL warning: <SetDimensions>: Failed to create WebGL context: WebGL creation failed: 
* Can't use WebGL in headless mode (https://bugzil.la/1375585).
JavaScript warning: https://static.xx.fbcdn.net/rsrc.php/v3/yh/r/ntJTeGbXQFO.js?_nc_x=pAsM9Lw-doT&_nc_eui2=AeGcyNQKc7sH5_1xSds8Jxps0vTMtMGEPXInc9SRB_aYnddsA6fm7_bR21Uei2EIdHgu-aRSZHp6PH3V-W2FhAwxTAUTNPDu_DNaFW6NK3v8Eg, line 10: Error: WebGL warning: <SetDimensions>: Can't use WebGL in headless mode (https://bugzil.la/1375585).
JavaScript warning: https://static.xx.fbcdn.net/rsrc.php/v3/yh/r/ntJTeGbXQFO.js?_nc_x=pAsM9Lw-doT&_nc_eui2=AeGcyNQKc7sH5_1xSds8Jxps0vTMtMGEPXInc9SRB_aYnddsA6fm7_bR21Uei2EIdHgu-aRSZHp6PH3V-W2FhAwxTAUTNPDu_DNaFW6NK3v8Eg, line 10: Error: WebGL warning: <SetDimensions>: Failed to create WebGL context: WebGL creation failed: 
* Can't use WebGL in headless mode (https://bugzil.la/1375585).
JavaScript warning: https://static.xx.fbcdn.net/rsrc.php/v3/yh/r/ntJTeGbXQFO.js?_nc_x=pAsM9Lw-doT&_nc_eui2=AeGcyNQKc7sH5_1xSds8Jxps0vTMtMGEPXInc9SRB_aYnddsA6fm7_bR21Uei2EIdHgu-aRSZHp6PH3V-W2FhAwxTAUTNPDu_DNaFW6NK3v8Eg, line 10: Error: WebGL warning: <SetDimensions>: Can't use WebGL in headless mode (https://bugzil.la/1375585).
JavaScript warning: https://static.xx.fbcdn.net/rsrc.php/v3/yh/r/ntJTeGbXQFO.js?_nc_x=pAsM9Lw-doT&_nc_eui2=AeGcyNQKc7sH5_1xSds8Jxps0vTMtMGEPXInc9SRB_aYnddsA6fm7_bR21Uei2EIdHgu-aRSZHp6PH3V-W2FhAwxTAUTNPDu_DNaFW6NK3v8Eg, line 10: Error: WebGL warning: <SetDimensions>: Failed to create WebGL context: WebGL creation failed: 
* Can't use WebGL in headless mode (https://bugzil.la/1375585).
JavaScript warning: https://static.xx.fbcdn.net/rsrc.php/v3/yh/r/ntJTeGbXQFO.js?_nc_x=pAsM9Lw-doT&_nc_eui2=AeGcyNQKc7sH5_1xSds8Jxps0vTMtMGEPXInc9SRB_aYnddsA6fm7_bR21Uei2EIdHgu-aRSZHp6PH3V-W2FhAwxTAUTNPDu_DNaFW6NK3v8Eg, line 10: Error: WebGL warning: <SetDimensions>: Can't use WebGL in headless mode (https://bugzil.la/1375585).
JavaScript warning: https://static.xx.fbcdn.net/rsrc.php/v3/yh/r/ntJTeGbXQFO.js?_nc_x=pAsM9Lw-doT&_nc_eui2=AeGcyNQKc7sH5_1xSds8Jxps0vTMtMGEPXInc9SRB_aYnddsA6fm7_bR21Uei2EIdHgu-aRSZHp6PH3V-W2FhAwxTAUTNPDu_DNaFW6NK3v8Eg, line 10: Error: WebGL warning: <SetDimensions>: Failed to create WebGL context: WebGL creation failed: 
* Can't use WebGL in headless mode (https://bugzil.la/1375585).
JavaScript warning: https://static.xx.fbcdn.net/rsrc.php/v3/yh/r/ntJTeGbXQFO.js?_nc_x=pAsM9Lw-doT&_nc_eui2=AeGcyNQKc7sH5_1xSds8Jxps0vTMtMGEPXInc9SRB_aYnddsA6fm7_bR21Uei2EIdHgu-aRSZHp6PH3V-W2FhAwxTAUTNPDu_DNaFW6NK3v8Eg, line 10: Error: WebGL warning: <SetDimensions>: Can't use WebGL in headless mode (https://bugzil.la/1375585).
JavaScript warning: https://static.xx.fbcdn.net/rsrc.php/v3/yh/r/ntJTeGbXQFO.js?_nc_x=pAsM9Lw-doT&_nc_eui2=AeGcyNQKc7sH5_1xSds8Jxps0vTMtMGEPXInc9SRB_aYnddsA6fm7_bR21Uei2EIdHgu-aRSZHp6PH3V-W2FhAwxTAUTNPDu_DNaFW6NK3v8Eg, line 10: Error: WebGL warning: <SetDimensions>: Failed to create WebGL context: WebGL creation failed: 
* Can't use WebGL in headless mode (https://bugzil.la/1375585).
JavaScript warning: https://static.xx.fbcdn.net/rsrc.php/v3/yh/r/ntJTeGbXQFO.js?_nc_x=pAsM9Lw-doT&_nc_eui2=AeGcyNQKc7sH5_1xSds8Jxps0vTMtMGEPXInc9SRB_aYnddsA6fm7_bR21Uei2EIdHgu-aRSZHp6PH3V-W2FhAwxTAUTNPDu_DNaFW6NK3v8Eg, line 10: Error: WebGL warning: <SetDimensions>: Can't use WebGL in headless mode (https://bugzil.la/1375585).
JavaScript warning: https://static.xx.fbcdn.net/rsrc.php/v3/yh/r/ntJTeGbXQFO.js?_nc_x=pAsM9Lw-doT&_nc_eui2=AeGcyNQKc7sH5_1xSds8Jxps0vTMtMGEPXInc9SRB_aYnddsA6fm7_bR21Uei2EIdHgu-aRSZHp6PH3V-W2FhAwxTAUTNPDu_DNaFW6NK3v8Eg, line 10: Error: WebGL warning: <SetDimensions>: Failed to create WebGL context: WebGL creation failed: 
* Can't use WebGL in headless mode (https://bugzil.la/1375585).
JavaScript warning: https://static.xx.fbcdn.net/rsrc.php/v3/yh/r/ntJTeGbXQFO.js?_nc_x=pAsM9Lw-doT&_nc_eui2=AeGcyNQKc7sH5_1xSds8Jxps0vTMtMGEPXInc9SRB_aYnddsA6fm7_bR21Uei2EIdHgu-aRSZHp6PH3V-W2FhAwxTAUTNPDu_DNaFW6NK3v8Eg, line 10: Error: WebGL warning: <SetDimensions>: Can't use WebGL in headless mode (https://bugzil.la/1375585).
JavaScript warning: https://static.xx.fbcdn.net/rsrc.php/v3/yh/r/ntJTeGbXQFO.js?_nc_x=pAsM9Lw-doT&_nc_eui2=AeGcyNQKc7sH5_1xSds8Jxps0vTMtMGEPXInc9SRB_aYnddsA6fm7_bR21Uei2EIdHgu-aRSZHp6PH3V-W2FhAwxTAUTNPDu_DNaFW6NK3v8Eg, line 10: Error: WebGL warning: <SetDimensions>: Failed to create WebGL context: WebGL creation failed: 
* Can't use WebGL in headless mode (https://bugzil.la/1375585).
JavaScript warning: https://static.xx.fbcdn.net/rsrc.php/v3/yh/r/ntJTeGbXQFO.js?_nc_x=pAsM9Lw-doT&_nc_eui2=AeGcyNQKc7sH5_1xSds8Jxps0vTMtMGEPXInc9SRB_aYnddsA6fm7_bR21Uei2EIdHgu-aRSZHp6PH3V-W2FhAwxTAUTNPDu_DNaFW6NK3v8Eg, line 10: Error: WebGL warning: <SetDimensions>: Can't use WebGL in headless mode (https://bugzil.la/1375585).
JavaScript warning: https://static.xx.fbcdn.net/rsrc.php/v3/yh/r/ntJTeGbXQFO.js?_nc_x=pAsM9Lw-doT&_nc_eui2=AeGcyNQKc7sH5_1xSds8Jxps0vTMtMGEPXInc9SRB_aYnddsA6fm7_bR21Uei2EIdHgu-aRSZHp6PH3V-W2FhAwxTAUTNPDu_DNaFW6NK3v8Eg, line 10: Error: WebGL warning: <SetDimensions>: Failed to create WebGL context: WebGL creation failed: 
* Can't use WebGL in headless mode (https://bugzil.la/1375585).
JavaScript warning: https://static.xx.fbcdn.net/rsrc.php/v3/yh/r/ntJTeGbXQFO.js?_nc_x=pAsM9Lw-doT&_nc_eui2=AeGcyNQKc7sH5_1xSds8Jxps0vTMtMGEPXInc9SRB_aYnddsA6fm7_bR21Uei2EIdHgu-aRSZHp6PH3V-W2FhAwxTAUTNPDu_DNaFW6NK3v8Eg, line 10: Error: WebGL warning: <SetDimensions>: Can't use WebGL in headless mode (https://bugzil.la/1375585).
JavaScript warning: https://static.xx.fbcdn.net/rsrc.php/v3/yh/r/ntJTeGbXQFO.js?_nc_x=pAsM9Lw-doT&_nc_eui2=AeGcyNQKc7sH5_1xSds8Jxps0vTMtMGEPXInc9SRB_aYnddsA6fm7_bR21Uei2EIdHgu-aRSZHp6PH3V-W2FhAwxTAUTNPDu_DNaFW6NK3v8Eg, line 10: Error: WebGL warning: <SetDimensions>: Failed to create WebGL context: WebGL creation failed: 
* Can't use WebGL in headless mode (https://bugzil.la/1375585).
JavaScript warning: https://static.xx.fbcdn.net/rsrc.php/v3/yh/r/ntJTeGbXQFO.js?_nc_x=pAsM9Lw-doT&_nc_eui2=AeGcyNQKc7sH5_1xSds8Jxps0vTMtMGEPXInc9SRB_aYnddsA6fm7_bR21Uei2EIdHgu-aRSZHp6PH3V-W2FhAwxTAUTNPDu_DNaFW6NK3v8Eg, line 10: Error: WebGL warning: <SetDimensions>: Can't use WebGL in headless mode (https://bugzil.la/1375585).
JavaScript warning: https://static.xx.fbcdn.net/rsrc.php/v3/yh/r/ntJTeGbXQFO.js?_nc_x=pAsM9Lw-doT&_nc_eui2=AeGcyNQKc7sH5_1xSds8Jxps0vTMtMGEPXInc9SRB_aYnddsA6fm7_bR21Uei2EIdHgu-aRSZHp6PH3V-W2FhAwxTAUTNPDu_DNaFW6NK3v8Eg, line 10: Error: WebGL warning: <SetDimensions>: Failed to create WebGL context: WebGL creation failed: 
* Can't use WebGL in headless mode (https://bugzil.la/1375585).
JavaScript warning: https://static.xx.fbcdn.net/rsrc.php/v3/yh/r/ntJTeGbXQFO.js?_nc_x=pAsM9Lw-doT&_nc_eui2=AeGcyNQKc7sH5_1xSds8Jxps0vTMtMGEPXInc9SRB_aYnddsA6fm7_bR21Uei2EIdHgu-aRSZHp6PH3V-W2FhAwxTAUTNPDu_DNaFW6NK3v8Eg, line 10: Error: WebGL warning: <SetDimensions>: Can't use WebGL in headless mode (https://bugzil.la/1375585).
JavaScript warning: https://static.xx.fbcdn.net/rsrc.php/v3/yh/r/ntJTeGbXQFO.js?_nc_x=pAsM9Lw-doT&_nc_eui2=AeGcyNQKc7sH5_1xSds8Jxps0vTMtMGEPXInc9SRB_aYnddsA6fm7_bR21Uei2EIdHgu-aRSZHp6PH3V-W2FhAwxTAUTNPDu_DNaFW6NK3v8Eg, line 10: Error: WebGL warning: <SetDimensions>: Failed to create WebGL context: WebGL creation failed: 
* Can't use WebGL in headless mode (https://bugzil.la/1375585).
JavaScript warning: https://static.xx.fbcdn.net/rsrc.php/v3/yh/r/ntJTeGbXQFO.js?_nc_x=pAsM9Lw-doT&_nc_eui2=AeGcyNQKc7sH5_1xSds8Jxps0vTMtMGEPXInc9SRB_aYnddsA6fm7_bR21Uei2EIdHgu-aRSZHp6PH3V-W2FhAwxTAUTNPDu_DNaFW6NK3v8Eg, line 10: Error: WebGL warning: <SetDimensions>: Can't use WebGL in headless mode (https://bugzil.la/1375585).
JavaScript warning: https://static.xx.fbcdn.net/rsrc.php/v3/yh/r/ntJTeGbXQFO.js?_nc_x=pAsM9Lw-doT&_nc_eui2=AeGcyNQKc7sH5_1xSds8Jxps0vTMtMGEPXInc9SRB_aYnddsA6fm7_bR21Uei2EIdHgu-aRSZHp6PH3V-W2FhAwxTAUTNPDu_DNaFW6NK3v8Eg, line 10: Error: WebGL warning: <SetDimensions>: Failed to create WebGL context: WebGL creation failed: 
* Can't use WebGL in headless mode (https://bugzil.la/1375585).
JavaScript warning: https://static.xx.fbcdn.net/rsrc.php/v3/yh/r/ntJTeGbXQFO.js?_nc_x=pAsM9Lw-doT&_nc_eui2=AeGcyNQKc7sH5_1xSds8Jxps0vTMtMGEPXInc9SRB_aYnddsA6fm7_bR21Uei2EIdHgu-aRSZHp6PH3V-W2FhAwxTAUTNPDu_DNaFW6NK3v8Eg, line 10: Error: WebGL warning: <SetDimensions>: Can't use WebGL in headless mode (https://bugzil.la/1375585).
JavaScript warning: https://static.xx.fbcdn.net/rsrc.php/v3/yh/r/ntJTeGbXQFO.js?_nc_x=pAsM9Lw-doT&_nc_eui2=AeGcyNQKc7sH5_1xSds8Jxps0vTMtMGEPXInc9SRB_aYnddsA6fm7_bR21Uei2EIdHgu-aRSZHp6PH3V-W2FhAwxTAUTNPDu_DNaFW6NK3v8Eg, line 10: Error: WebGL warning: <SetDimensions>: Failed to create WebGL context: WebGL creation failed: 
* Can't use WebGL in headless mode (https://bugzil.la/1375585).
JavaScript warning: https://static.xx.fbcdn.net/rsrc.php/v3/yh/r/ntJTeGbXQFO.js?_nc_x=pAsM9Lw-doT&_nc_eui2=AeGcyNQKc7sH5_1xSds8Jxps0vTMtMGEPXInc9SRB_aYnddsA6fm7_bR21Uei2EIdHgu-aRSZHp6PH3V-W2FhAwxTAUTNPDu_DNaFW6NK3v8Eg, line 10: Error: WebGL warning: <SetDimensions>: Can't use WebGL in headless mode (https://bugzil.la/1375585).
JavaScript warning: https://static.xx.fbcdn.net/rsrc.php/v3/yh/r/ntJTeGbXQFO.js?_nc_x=pAsM9Lw-doT&_nc_eui2=AeGcyNQKc7sH5_1xSds8Jxps0vTMtMGEPXInc9SRB_aYnddsA6fm7_bR21Uei2EIdHgu-aRSZHp6PH3V-W2FhAwxTAUTNPDu_DNaFW6NK3v8Eg, line 10: Error: WebGL warning: <SetDimensions>: Failed to create WebGL context: WebGL creation failed: 
* Can't use WebGL in headless mode (https://bugzil.la/1375585).
JavaScript warning: https://static.xx.fbcdn.net/rsrc.php/v3/yh/r/ntJTeGbXQFO.js?_nc_x=pAsM9Lw-doT&_nc_eui2=AeGcyNQKc7sH5_1xSds8Jxps0vTMtMGEPXInc9SRB_aYnddsA6fm7_bR21Uei2EIdHgu-aRSZHp6PH3V-W2FhAwxTAUTNPDu_DNaFW6NK3v8Eg, line 10: Error: WebGL warning: <SetDimensions>: Can't use WebGL in headless mode (https://bugzil.la/1375585).
JavaScript warning: https://static.xx.fbcdn.net/rsrc.php/v3/yh/r/ntJTeGbXQFO.js?_nc_x=pAsM9Lw-doT&_nc_eui2=AeGcyNQKc7sH5_1xSds8Jxps0vTMtMGEPXInc9SRB_aYnddsA6fm7_bR21Uei2EIdHgu-aRSZHp6PH3V-W2FhAwxTAUTNPDu_DNaFW6NK3v8Eg, line 10: Error: WebGL warning: <SetDimensions>: Failed to create WebGL context: WebGL creation failed: 
* Can't use WebGL in headless mode (https://bugzil.la/1375585).
JavaScript warning: https://static.xx.fbcdn.net/rsrc.php/v3/yh/r/ntJTeGbXQFO.js?_nc_x=pAsM9Lw-doT&_nc_eui2=AeGcyNQKc7sH5_1xSds8Jxps0vTMtMGEPXInc9SRB_aYnddsA6fm7_bR21Uei2EIdHgu-aRSZHp6PH3V-W2FhAwxTAUTNPDu_DNaFW6NK3v8Eg, line 10: Error: WebGL warning: <SetDimensions>: Can't use WebGL in headless mode (https://bugzil.la/1375585).
JavaScript warning: https://static.xx.fbcdn.net/rsrc.php/v3/yh/r/ntJTeGbXQFO.js?_nc_x=pAsM9Lw-doT&_nc_eui2=AeGcyNQKc7sH5_1xSds8Jxps0vTMtMGEPXInc9SRB_aYnddsA6fm7_bR21Uei2EIdHgu-aRSZHp6PH3V-W2FhAwxTAUTNPDu_DNaFW6NK3v8Eg, line 10: Error: WebGL warning: <SetDimensions>: Failed to create WebGL context: WebGL creation failed: 
* Can't use WebGL in headless mode (https://bugzil.la/1375585).
JavaScript warning: https://static.xx.fbcdn.net/rsrc.php/v3/yh/r/ntJTeGbXQFO.js?_nc_x=pAsM9Lw-doT&_nc_eui2=AeGcyNQKc7sH5_1xSds8Jxps0vTMtMGEPXInc9SRB_aYnddsA6fm7_bR21Uei2EIdHgu-aRSZHp6PH3V-W2FhAwxTAUTNPDu_DNaFW6NK3v8Eg, line 10: Error: WebGL warning: <SetDimensions>: Can't use WebGL in headless mode (https://bugzil.la/1375585).
JavaScript warning: https://static.xx.fbcdn.net/rsrc.php/v3/yh/r/ntJTeGbXQFO.js?_nc_x=pAsM9Lw-doT&_nc_eui2=AeGcyNQKc7sH5_1xSds8Jxps0vTMtMGEPXInc9SRB_aYnddsA6fm7_bR21Uei2EIdHgu-aRSZHp6PH3V-W2FhAwxTAUTNPDu_DNaFW6NK3v8Eg, line 10: Error: WebGL warning: <SetDimensions>: Failed to create WebGL context: WebGL creation failed: 
* Can't use WebGL in headless mode (https://bugzil.la/1375585).
JavaScript warning: https://static.xx.fbcdn.net/rsrc.php/v3/yh/r/ntJTeGbXQFO.js?_nc_x=pAsM9Lw-doT&_nc_eui2=AeGcyNQKc7sH5_1xSds8Jxps0vTMtMGEPXInc9SRB_aYnddsA6fm7_bR21Uei2EIdHgu-aRSZHp6PH3V-W2FhAwxTAUTNPDu_DNaFW6NK3v8Eg, line 10: Error: WebGL warning: <SetDimensions>: Can't use WebGL in headless mode (https://bugzil.la/1375585).
JavaScript warning: https://static.xx.fbcdn.net/rsrc.php/v3/yh/r/ntJTeGbXQFO.js?_nc_x=pAsM9Lw-doT&_nc_eui2=AeGcyNQKc7sH5_1xSds8Jxps0vTMtMGEPXInc9SRB_aYnddsA6fm7_bR21Uei2EIdHgu-aRSZHp6PH3V-W2FhAwxTAUTNPDu_DNaFW6NK3v8Eg, line 10: Error: WebGL warning: <SetDimensions>: Failed to create WebGL context: WebGL creation failed: 
* Can't use WebGL in headless mode (https://bugzil.la/1375585).
JavaScript warning: https://static.xx.fbcdn.net/rsrc.php/v3/yh/r/ntJTeGbXQFO.js?_nc_x=pAsM9Lw-doT&_nc_eui2=AeGcyNQKc7sH5_1xSds8Jxps0vTMtMGEPXInc9SRB_aYnddsA6fm7_bR21Uei2EIdHgu-aRSZHp6PH3V-W2FhAwxTAUTNPDu_DNaFW6NK3v8Eg, line 10: Error: WebGL warning: <SetDimensions>: Can't use WebGL in headless mode (https://bugzil.la/1375585).
JavaScript warning: https://static.xx.fbcdn.net/rsrc.php/v3/yh/r/ntJTeGbXQFO.js?_nc_x=pAsM9Lw-doT&_nc_eui2=AeGcyNQKc7sH5_1xSds8Jxps0vTMtMGEPXInc9SRB_aYnddsA6fm7_bR21Uei2EIdHgu-aRSZHp6PH3V-W2FhAwxTAUTNPDu_DNaFW6NK3v8Eg, line 10: Error: WebGL warning: <SetDimensions>: Failed to create WebGL context: WebGL creation failed: 
* Can't use WebGL in headless mode (https://bugzil.la/1375585).
JavaScript warning: https://static.xx.fbcdn.net/rsrc.php/v3/yh/r/ntJTeGbXQFO.js?_nc_x=pAsM9Lw-doT&_nc_eui2=AeGcyNQKc7sH5_1xSds8Jxps0vTMtMGEPXInc9SRB_aYnddsA6fm7_bR21Uei2EIdHgu-aRSZHp6PH3V-W2FhAwxTAUTNPDu_DNaFW6NK3v8Eg, line 10: Error: WebGL warning: <SetDimensions>: Can't use WebGL in headless mode (https://bugzil.la/1375585).
JavaScript warning: https://static.xx.fbcdn.net/rsrc.php/v3/yh/r/ntJTeGbXQFO.js?_nc_x=pAsM9Lw-doT&_nc_eui2=AeGcyNQKc7sH5_1xSds8Jxps0vTMtMGEPXInc9SRB_aYnddsA6fm7_bR21Uei2EIdHgu-aRSZHp6PH3V-W2FhAwxTAUTNPDu_DNaFW6NK3v8Eg, line 10: Error: WebGL warning: <SetDimensions>: Failed to create WebGL context: WebGL creation failed: 
* Can't use WebGL in headless mode (https://bugzil.la/1375585).
JavaScript warning: https://static.xx.fbcdn.net/rsrc.php/v3/yh/r/ntJTeGbXQFO.js?_nc_x=pAsM9Lw-doT&_nc_eui2=AeGcyNQKc7sH5_1xSds8Jxps0vTMtMGEPXInc9SRB_aYnddsA6fm7_bR21Uei2EIdHgu-aRSZHp6PH3V-W2FhAwxTAUTNPDu_DNaFW6NK3v8Eg, line 10: Error: WebGL warning: <SetDimensions>: Can't use WebGL in headless mode (https://bugzil.la/1375585).
JavaScript warning: https://static.xx.fbcdn.net/rsrc.php/v3/yh/r/ntJTeGbXQFO.js?_nc_x=pAsM9Lw-doT&_nc_eui2=AeGcyNQKc7sH5_1xSds8Jxps0vTMtMGEPXInc9SRB_aYnddsA6fm7_bR21Uei2EIdHgu-aRSZHp6PH3V-W2FhAwxTAUTNPDu_DNaFW6NK3v8Eg, line 10: Error: WebGL warning: <SetDimensions>: Failed to create WebGL context: WebGL creation failed: 
* Can't use WebGL in headless mode (https://bugzil.la/1375585).
JavaScript warning: https://static.xx.fbcdn.net/rsrc.php/v3/yh/r/ntJTeGbXQFO.js?_nc_x=pAsM9Lw-doT&_nc_eui2=AeGcyNQKc7sH5_1xSds8Jxps0vTMtMGEPXInc9SRB_aYnddsA6fm7_bR21Uei2EIdHgu-aRSZHp6PH3V-W2FhAwxTAUTNPDu_DNaFW6NK3v8Eg, line 10: Error: WebGL warning: <SetDimensions>: Can't use WebGL in headless mode (https://bugzil.la/1375585).
JavaScript warning: https://static.xx.fbcdn.net/rsrc.php/v3/yh/r/ntJTeGbXQFO.js?_nc_x=pAsM9Lw-doT&_nc_eui2=AeGcyNQKc7sH5_1xSds8Jxps0vTMtMGEPXInc9SRB_aYnddsA6fm7_bR21Uei2EIdHgu-aRSZHp6PH3V-W2FhAwxTAUTNPDu_DNaFW6NK3v8Eg, line 10: Error: WebGL warning: <SetDimensions>: Failed to create WebGL context: WebGL creation failed: 
* Can't use WebGL in headless mode (https://bugzil.la/1375585).
JavaScript warning: https://static.xx.fbcdn.net/rsrc.php/v3/yh/r/ntJTeGbXQFO.js?_nc_x=pAsM9Lw-doT&_nc_eui2=AeGcyNQKc7sH5_1xSds8Jxps0vTMtMGEPXInc9SRB_aYnddsA6fm7_bR21Uei2EIdHgu-aRSZHp6PH3V-W2FhAwxTAUTNPDu_DNaFW6NK3v8Eg, line 10: Error: WebGL warning: <SetDimensions>: Can't use WebGL in headless mode (https://bugzil.la/1375585).
JavaScript warning: https://static.xx.fbcdn.net/rsrc.php/v3/yh/r/ntJTeGbXQFO.js?_nc_x=pAsM9Lw-doT&_nc_eui2=AeGcyNQKc7sH5_1xSds8Jxps0vTMtMGEPXInc9SRB_aYnddsA6fm7_bR21Uei2EIdHgu-aRSZHp6PH3V-W2FhAwxTAUTNPDu_DNaFW6NK3v8Eg, line 10: Error: WebGL warning: <SetDimensions>: Failed to create WebGL context: WebGL creation failed: 
* Can't use WebGL in headless mode (https://bugzil.la/1375585).
JavaScript warning: https://static.xx.fbcdn.net/rsrc.php/v3/yh/r/ntJTeGbXQFO.js?_nc_x=pAsM9Lw-doT&_nc_eui2=AeGcyNQKc7sH5_1xSds8Jxps0vTMtMGEPXInc9SRB_aYnddsA6fm7_bR21Uei2EIdHgu-aRSZHp6PH3V-W2FhAwxTAUTNPDu_DNaFW6NK3v8Eg, line 10: Error: WebGL warning: <SetDimensions>: Can't use WebGL in headless mode (https://bugzil.la/1375585).
JavaScript warning: https://static.xx.fbcdn.net/rsrc.php/v3/yh/r/ntJTeGbXQFO.js?_nc_x=pAsM9Lw-doT&_nc_eui2=AeGcyNQKc7sH5_1xSds8Jxps0vTMtMGEPXInc9SRB_aYnddsA6fm7_bR21Uei2EIdHgu-aRSZHp6PH3V-W2FhAwxTAUTNPDu_DNaFW6NK3v8Eg, line 10: Error: WebGL warning: <SetDimensions>: Failed to create WebGL context: WebGL creation failed: 
* Can't use WebGL in headless mode (https://bugzil.la/1375585).
JavaScript warning: https://static.xx.fbcdn.net/rsrc.php/v3/yh/r/ntJTeGbXQFO.js?_nc_x=pAsM9Lw-doT&_nc_eui2=AeGcyNQKc7sH5_1xSds8Jxps0vTMtMGEPXInc9SRB_aYnddsA6fm7_bR21Uei2EIdHgu-aRSZHp6PH3V-W2FhAwxTAUTNPDu_DNaFW6NK3v8Eg, line 10: Error: WebGL warning: <SetDimensions>: Can't use WebGL in headless mode (https://bugzil.la/1375585).
JavaScript warning: https://static.xx.fbcdn.net/rsrc.php/v3/yh/r/ntJTeGbXQFO.js?_nc_x=pAsM9Lw-doT&_nc_eui2=AeGcyNQKc7sH5_1xSds8Jxps0vTMtMGEPXInc9SRB_aYnddsA6fm7_bR21Uei2EIdHgu-aRSZHp6PH3V-W2FhAwxTAUTNPDu_DNaFW6NK3v8Eg, line 10: Error: WebGL warning: <SetDimensions>: Failed to create WebGL context: WebGL creation failed: 
* Can't use WebGL in headless mode (https://bugzil.la/1375585).
JavaScript warning: https://static.xx.fbcdn.net/rsrc.php/v3/yh/r/ntJTeGbXQFO.js?_nc_x=pAsM9Lw-doT&_nc_eui2=AeGcyNQKc7sH5_1xSds8Jxps0vTMtMGEPXInc9SRB_aYnddsA6fm7_bR21Uei2EIdHgu-aRSZHp6PH3V-W2FhAwxTAUTNPDu_DNaFW6NK3v8Eg, line 10: Error: WebGL warning: <SetDimensions>: Can't use WebGL in headless mode (https://bugzil.la/1375585).
JavaScript warning: https://static.xx.fbcdn.net/rsrc.php/v3/yh/r/ntJTeGbXQFO.js?_nc_x=pAsM9Lw-doT&_nc_eui2=AeGcyNQKc7sH5_1xSds8Jxps0vTMtMGEPXInc9SRB_aYnddsA6fm7_bR21Uei2EIdHgu-aRSZHp6PH3V-W2FhAwxTAUTNPDu_DNaFW6NK3v8Eg, line 10: Error: WebGL warning: <SetDimensions>: Failed to create WebGL context: WebGL creation failed: 
* Can't use WebGL in headless mode (https://bugzil.la/1375585).
JavaScript warning: https://static.xx.fbcdn.net/rsrc.php/v3ie4e4/yn/l/en_GB/RDuwGRsDc0S.js?_nc_x=pAsM9Lw-doT&_nc_eui2=AeG3iS2_gP8qdeYkCN8aDiD0Reb2aW5Z3DuEZklPQbjINb7HiwW8Z0cH2dGUGGvnZJBeGBwyTeJe0BERiZ2oao47SSEb6u9BTn4ARnFX3rA7uw, line 280: unreachable code after return statement
JavaScript warning: https://static.xx.fbcdn.net/rsrc.php/v3/yh/r/ntJTeGbXQFO.js?_nc_x=pAsM9Lw-doT&_nc_eui2=AeGcyNQKc7sH5_1xSds8Jxps0vTMtMGEPXInc9SRB_aYnddsA6fm7_bR21Uei2EIdHgu-aRSZHp6PH3V-W2FhAwxTAUTNPDu_DNaFW6NK3v8Eg, line 10: Error: WebGL warning: <SetDimensions>: Can't use WebGL in headless mode (https://bugzil.la/1375585).
JavaScript warning: https://static.xx.fbcdn.net/rsrc.php/v3/yh/r/ntJTeGbXQFO.js?_nc_x=pAsM9Lw-doT&_nc_eui2=AeGcyNQKc7sH5_1xSds8Jxps0vTMtMGEPXInc9SRB_aYnddsA6fm7_bR21Uei2EIdHgu-aRSZHp6PH3V-W2FhAwxTAUTNPDu_DNaFW6NK3v8Eg, line 10: Error: WebGL warning: <SetDimensions>: Failed to create WebGL context: WebGL creation failed: 
* Can't use WebGL in headless mode (https://bugzil.la/1375585).
JavaScript warning: https://static.xx.fbcdn.net/rsrc.php/v3/yh/r/ntJTeGbXQFO.js?_nc_x=pAsM9Lw-doT&_nc_eui2=AeGcyNQKc7sH5_1xSds8Jxps0vTMtMGEPXInc9SRB_aYnddsA6fm7_bR21Uei2EIdHgu-aRSZHp6PH3V-W2FhAwxTAUTNPDu_DNaFW6NK3v8Eg, line 10: Error: WebGL warning: <SetDimensions>: Can't use WebGL in headless mode (https://bugzil.la/1375585).
JavaScript warning: https://static.xx.fbcdn.net/rsrc.php/v3/yh/r/ntJTeGbXQFO.js?_nc_x=pAsM9Lw-doT&_nc_eui2=AeGcyNQKc7sH5_1xSds8Jxps0vTMtMGEPXInc9SRB_aYnddsA6fm7_bR21Uei2EIdHgu-aRSZHp6PH3V-W2FhAwxTAUTNPDu_DNaFW6NK3v8Eg, line 10: Error: WebGL warning: <SetDimensions>: Failed to create WebGL context: WebGL creation failed: 
* Can't use WebGL in headless mode (https://bugzil.la/1375585).
[Parent 27554, Gecko_IOThread] WARNING: pipe error: Broken pipe: file /build/firefox-AWfb_V/firefox-71.0+build5/ipc/chromium/src/chrome/common/ipc_channel_posix.cc, line 728
JavaScript warning: https://static.xx.fbcdn.net/rsrc.php/v3/yh/r/ntJTeGbXQFO.js?_nc_x=pAsM9Lw-doT&_nc_eui2=AeGcyNQKc7sH5_1xSds8Jxps0vTMtMGEPXInc9SRB_aYnddsA6fm7_bR21Uei2EIdHgu-aRSZHp6PH3V-W2FhAwxTAUTNPDu_DNaFW6NK3v8Eg, line 10: Error: WebGL warning: <SetDimensions>: Can't use WebGL in headless mode (https://bugzil.la/1375585).
JavaScript warning: https://static.xx.fbcdn.net/rsrc.php/v3/yh/r/ntJTeGbXQFO.js?_nc_x=pAsM9Lw-doT&_nc_eui2=AeGcyNQKc7sH5_1xSds8Jxps0vTMtMGEPXInc9SRB_aYnddsA6fm7_bR21Uei2EIdHgu-aRSZHp6PH3V-W2FhAwxTAUTNPDu_DNaFW6NK3v8Eg, line 10: Error: WebGL warning: <SetDimensions>: Failed to create WebGL context: WebGL creation failed: 
* Can't use WebGL in headless mode (https://bugzil.la/1375585).
JavaScript warning: https://static.xx.fbcdn.net/rsrc.php/v3/yh/r/ntJTeGbXQFO.js?_nc_x=pAsM9Lw-doT&_nc_eui2=AeGcyNQKc7sH5_1xSds8Jxps0vTMtMGEPXInc9SRB_aYnddsA6fm7_bR21Uei2EIdHgu-aRSZHp6PH3V-W2FhAwxTAUTNPDu_DNaFW6NK3v8Eg, line 10: Error: WebGL warning: <SetDimensions>: Can't use WebGL in headless mode (https://bugzil.la/1375585).
JavaScript warning: https://static.xx.fbcdn.net/rsrc.php/v3/yh/r/ntJTeGbXQFO.js?_nc_x=pAsM9Lw-doT&_nc_eui2=AeGcyNQKc7sH5_1xSds8Jxps0vTMtMGEPXInc9SRB_aYnddsA6fm7_bR21Uei2EIdHgu-aRSZHp6PH3V-W2FhAwxTAUTNPDu_DNaFW6NK3v8Eg, line 10: Error: WebGL warning: <SetDimensions>: Failed to create WebGL context: WebGL creation failed: 
* Can't use WebGL in headless mode (https://bugzil.la/1375585).
JavaScript warning: https://static.xx.fbcdn.net/rsrc.php/v3/yh/r/ntJTeGbXQFO.js?_nc_x=pAsM9Lw-doT&_nc_eui2=AeGcyNQKc7sH5_1xSds8Jxps0vTMtMGEPXInc9SRB_aYnddsA6fm7_bR21Uei2EIdHgu-aRSZHp6PH3V-W2FhAwxTAUTNPDu_DNaFW6NK3v8Eg, line 10: Error: WebGL warning: <SetDimensions>: Can't use WebGL in headless mode (https://bugzil.la/1375585).
JavaScript warning: https://static.xx.fbcdn.net/rsrc.php/v3/yh/r/ntJTeGbXQFO.js?_nc_x=pAsM9Lw-doT&_nc_eui2=AeGcyNQKc7sH5_1xSds8Jxps0vTMtMGEPXInc9SRB_aYnddsA6fm7_bR21Uei2EIdHgu-aRSZHp6PH3V-W2FhAwxTAUTNPDu_DNaFW6NK3v8Eg, line 10: Error: WebGL warning: <SetDimensions>: Failed to create WebGL context: WebGL creation failed: 
* Can't use WebGL in headless mode (https://bugzil.la/1375585).
JavaScript warning: https://static.xx.fbcdn.net/rsrc.php/v3/yh/r/ntJTeGbXQFO.js?_nc_x=pAsM9Lw-doT&_nc_eui2=AeGcyNQKc7sH5_1xSds8Jxps0vTMtMGEPXInc9SRB_aYnddsA6fm7_bR21Uei2EIdHgu-aRSZHp6PH3V-W2FhAwxTAUTNPDu_DNaFW6NK3v8Eg, line 10: Error: WebGL warning: <SetDimensions>: Can't use WebGL in headless mode (https://bugzil.la/1375585).
JavaScript warning: https://static.xx.fbcdn.net/rsrc.php/v3/yh/r/ntJTeGbXQFO.js?_nc_x=pAsM9Lw-doT&_nc_eui2=AeGcyNQKc7sH5_1xSds8Jxps0vTMtMGEPXInc9SRB_aYnddsA6fm7_bR21Uei2EIdHgu-aRSZHp6PH3V-W2FhAwxTAUTNPDu_DNaFW6NK3v8Eg, line 10: Error: WebGL warning: <SetDimensions>: Failed to create WebGL context: WebGL creation failed: 
* Can't use WebGL in headless mode (https://bugzil.la/1375585).
JavaScript warning: https://static.xx.fbcdn.net/rsrc.php/v3/yh/r/ntJTeGbXQFO.js?_nc_x=pAsM9Lw-doT&_nc_eui2=AeGcyNQKc7sH5_1xSds8Jxps0vTMtMGEPXInc9SRB_aYnddsA6fm7_bR21Uei2EIdHgu-aRSZHp6PH3V-W2FhAwxTAUTNPDu_DNaFW6NK3v8Eg, line 10: Error: WebGL warning: <SetDimensions>: Can't use WebGL in headless mode (https://bugzil.la/1375585).
JavaScript warning: https://static.xx.fbcdn.net/rsrc.php/v3/yh/r/ntJTeGbXQFO.js?_nc_x=pAsM9Lw-doT&_nc_eui2=AeGcyNQKc7sH5_1xSds8Jxps0vTMtMGEPXInc9SRB_aYnddsA6fm7_bR21Uei2EIdHgu-aRSZHp6PH3V-W2FhAwxTAUTNPDu_DNaFW6NK3v8Eg, line 10: Error: WebGL warning: <SetDimensions>: Failed to create WebGL context: WebGL creation failed: 
* Can't use WebGL in headless mode (https://bugzil.la/1375585).
JavaScript warning: https://static.xx.fbcdn.net/rsrc.php/v3/yh/r/ntJTeGbXQFO.js?_nc_x=pAsM9Lw-doT&_nc_eui2=AeGcyNQKc7sH5_1xSds8Jxps0vTMtMGEPXInc9SRB_aYnddsA6fm7_bR21Uei2EIdHgu-aRSZHp6PH3V-W2FhAwxTAUTNPDu_DNaFW6NK3v8Eg, line 10: Error: WebGL warning: <SetDimensions>: Can't use WebGL in headless mode (https://bugzil.la/1375585).
JavaScript warning: https://static.xx.fbcdn.net/rsrc.php/v3/yh/r/ntJTeGbXQFO.js?_nc_x=pAsM9Lw-doT&_nc_eui2=AeGcyNQKc7sH5_1xSds8Jxps0vTMtMGEPXInc9SRB_aYnddsA6fm7_bR21Uei2EIdHgu-aRSZHp6PH3V-W2FhAwxTAUTNPDu_DNaFW6NK3v8Eg, line 10: Error: WebGL warning: <SetDimensions>: Failed to create WebGL context: WebGL creation failed: 
* Can't use WebGL in headless mode (https://bugzil.la/1375585).
JavaScript warning: https://static.xx.fbcdn.net/rsrc.php/v3/yh/r/ntJTeGbXQFO.js?_nc_x=pAsM9Lw-doT&_nc_eui2=AeGcyNQKc7sH5_1xSds8Jxps0vTMtMGEPXInc9SRB_aYnddsA6fm7_bR21Uei2EIdHgu-aRSZHp6PH3V-W2FhAwxTAUTNPDu_DNaFW6NK3v8Eg, line 10: Error: WebGL warning: <SetDimensions>: Can't use WebGL in headless mode (https://bugzil.la/1375585).
JavaScript warning: https://static.xx.fbcdn.net/rsrc.php/v3/yh/r/ntJTeGbXQFO.js?_nc_x=pAsM9Lw-doT&_nc_eui2=AeGcyNQKc7sH5_1xSds8Jxps0vTMtMGEPXInc9SRB_aYnddsA6fm7_bR21Uei2EIdHgu-aRSZHp6PH3V-W2FhAwxTAUTNPDu_DNaFW6NK3v8Eg, line 10: Error: WebGL warning: <SetDimensions>: Failed to create WebGL context: WebGL creation failed: 
* Can't use WebGL in headless mode (https://bugzil.la/1375585).
JavaScript warning: https://static.xx.fbcdn.net/rsrc.php/v3/yh/r/ntJTeGbXQFO.js?_nc_x=pAsM9Lw-doT&_nc_eui2=AeGcyNQKc7sH5_1xSds8Jxps0vTMtMGEPXInc9SRB_aYnddsA6fm7_bR21Uei2EIdHgu-aRSZHp6PH3V-W2FhAwxTAUTNPDu_DNaFW6NK3v8Eg, line 10: Error: WebGL warning: <SetDimensions>: Can't use WebGL in headless mode (https://bugzil.la/1375585).
JavaScript warning: https://static.xx.fbcdn.net/rsrc.php/v3/yh/r/ntJTeGbXQFO.js?_nc_x=pAsM9Lw-doT&_nc_eui2=AeGcyNQKc7sH5_1xSds8Jxps0vTMtMGEPXInc9SRB_aYnddsA6fm7_bR21Uei2EIdHgu-aRSZHp6PH3V-W2FhAwxTAUTNPDu_DNaFW6NK3v8Eg, line 10: Error: WebGL warning: <SetDimensions>: Failed to create WebGL context: WebGL creation failed: 
* Can't use WebGL in headless mode (https://bugzil.la/1375585).
JavaScript warning: https://static.xx.fbcdn.net/rsrc.php/v3/yh/r/ntJTeGbXQFO.js?_nc_x=pAsM9Lw-doT&_nc_eui2=AeGcyNQKc7sH5_1xSds8Jxps0vTMtMGEPXInc9SRB_aYnddsA6fm7_bR21Uei2EIdHgu-aRSZHp6PH3V-W2FhAwxTAUTNPDu_DNaFW6NK3v8Eg, line 10: Error: WebGL warning: <SetDimensions>: Can't use WebGL in headless mode (https://bugzil.la/1375585).
JavaScript warning: https://static.xx.fbcdn.net/rsrc.php/v3/yh/r/ntJTeGbXQFO.js?_nc_x=pAsM9Lw-doT&_nc_eui2=AeGcyNQKc7sH5_1xSds8Jxps0vTMtMGEPXInc9SRB_aYnddsA6fm7_bR21Uei2EIdHgu-aRSZHp6PH3V-W2FhAwxTAUTNPDu_DNaFW6NK3v8Eg, line 10: Error: WebGL warning: <SetDimensions>: Failed to create WebGL context: WebGL creation failed: 
* Can't use WebGL in headless mode (https://bugzil.la/1375585).
JavaScript warning: https://static.xx.fbcdn.net/rsrc.php/v3/yh/r/ntJTeGbXQFO.js?_nc_x=pAsM9Lw-doT&_nc_eui2=AeGcyNQKc7sH5_1xSds8Jxps0vTMtMGEPXInc9SRB_aYnddsA6fm7_bR21Uei2EIdHgu-aRSZHp6PH3V-W2FhAwxTAUTNPDu_DNaFW6NK3v8Eg, line 10: Error: WebGL warning: <SetDimensions>: Can't use WebGL in headless mode (https://bugzil.la/1375585).
JavaScript warning: https://static.xx.fbcdn.net/rsrc.php/v3/yh/r/ntJTeGbXQFO.js?_nc_x=pAsM9Lw-doT&_nc_eui2=AeGcyNQKc7sH5_1xSds8Jxps0vTMtMGEPXInc9SRB_aYnddsA6fm7_bR21Uei2EIdHgu-aRSZHp6PH3V-W2FhAwxTAUTNPDu_DNaFW6NK3v8Eg, line 10: Error: WebGL warning: <SetDimensions>: Failed to create WebGL context: WebGL creation failed: 
* Can't use WebGL in headless mode (https://bugzil.la/1375585).
JavaScript warning: https://static.xx.fbcdn.net/rsrc.php/v3/yh/r/ntJTeGbXQFO.js?_nc_x=pAsM9Lw-doT&_nc_eui2=AeGcyNQKc7sH5_1xSds8Jxps0vTMtMGEPXInc9SRB_aYnddsA6fm7_bR21Uei2EIdHgu-aRSZHp6PH3V-W2FhAwxTAUTNPDu_DNaFW6NK3v8Eg, line 10: Error: WebGL warning: <SetDimensions>: Can't use WebGL in headless mode (https://bugzil.la/1375585).
JavaScript warning: https://static.xx.fbcdn.net/rsrc.php/v3/yh/r/ntJTeGbXQFO.js?_nc_x=pAsM9Lw-doT&_nc_eui2=AeGcyNQKc7sH5_1xSds8Jxps0vTMtMGEPXInc9SRB_aYnddsA6fm7_bR21Uei2EIdHgu-aRSZHp6PH3V-W2FhAwxTAUTNPDu_DNaFW6NK3v8Eg, line 10: Error: WebGL warning: <SetDimensions>: Failed to create WebGL context: WebGL creation failed: 
* Can't use WebGL in headless mode (https://bugzil.la/1375585).
JavaScript warning: https://static.xx.fbcdn.net/rsrc.php/v3/yh/r/ntJTeGbXQFO.js?_nc_x=pAsM9Lw-doT&_nc_eui2=AeGcyNQKc7sH5_1xSds8Jxps0vTMtMGEPXInc9SRB_aYnddsA6fm7_bR21Uei2EIdHgu-aRSZHp6PH3V-W2FhAwxTAUTNPDu_DNaFW6NK3v8Eg, line 10: Error: WebGL warning: <SetDimensions>: Can't use WebGL in headless mode (https://bugzil.la/1375585).
JavaScript warning: https://static.xx.fbcdn.net/rsrc.php/v3/yh/r/ntJTeGbXQFO.js?_nc_x=pAsM9Lw-doT&_nc_eui2=AeGcyNQKc7sH5_1xSds8Jxps0vTMtMGEPXInc9SRB_aYnddsA6fm7_bR21Uei2EIdHgu-aRSZHp6PH3V-W2FhAwxTAUTNPDu_DNaFW6NK3v8Eg, line 10: Error: WebGL warning: <SetDimensions>: Failed to create WebGL context: WebGL creation failed: 
* Can't use WebGL in headless mode (https://bugzil.la/1375585).
JavaScript warning: https://static.xx.fbcdn.net/rsrc.php/v3/yh/r/ntJTeGbXQFO.js?_nc_x=pAsM9Lw-doT&_nc_eui2=AeGcyNQKc7sH5_1xSds8Jxps0vTMtMGEPXInc9SRB_aYnddsA6fm7_bR21Uei2EIdHgu-aRSZHp6PH3V-W2FhAwxTAUTNPDu_DNaFW6NK3v8Eg, line 10: Error: WebGL warning: <SetDimensions>: Can't use WebGL in headless mode (https://bugzil.la/1375585).
JavaScript warning: https://static.xx.fbcdn.net/rsrc.php/v3/yh/r/ntJTeGbXQFO.js?_nc_x=pAsM9Lw-doT&_nc_eui2=AeGcyNQKc7sH5_1xSds8Jxps0vTMtMGEPXInc9SRB_aYnddsA6fm7_bR21Uei2EIdHgu-aRSZHp6PH3V-W2FhAwxTAUTNPDu_DNaFW6NK3v8Eg, line 10: Error: WebGL warning: <SetDimensions>: Failed to create WebGL context: WebGL creation failed: 
* Can't use WebGL in headless mode (https://bugzil.la/1375585).
JavaScript warning: https://static.xx.fbcdn.net/rsrc.php/v3/yh/r/ntJTeGbXQFO.js?_nc_x=pAsM9Lw-doT&_nc_eui2=AeGcyNQKc7sH5_1xSds8Jxps0vTMtMGEPXInc9SRB_aYnddsA6fm7_bR21Uei2EIdHgu-aRSZHp6PH3V-W2FhAwxTAUTNPDu_DNaFW6NK3v8Eg, line 10: Error: WebGL warning: <SetDimensions>: Can't use WebGL in headless mode (https://bugzil.la/1375585).
JavaScript warning: https://static.xx.fbcdn.net/rsrc.php/v3/yh/r/ntJTeGbXQFO.js?_nc_x=pAsM9Lw-doT&_nc_eui2=AeGcyNQKc7sH5_1xSds8Jxps0vTMtMGEPXInc9SRB_aYnddsA6fm7_bR21Uei2EIdHgu-aRSZHp6PH3V-W2FhAwxTAUTNPDu_DNaFW6NK3v8Eg, line 10: Error: WebGL warning: <SetDimensions>: Failed to create WebGL context: WebGL creation failed: 
* Can't use WebGL in headless mode (https://bugzil.la/1375585).
JavaScript warning: https://static.xx.fbcdn.net/rsrc.php/v3/yh/r/ntJTeGbXQFO.js?_nc_x=pAsM9Lw-doT&_nc_eui2=AeGcyNQKc7sH5_1xSds8Jxps0vTMtMGEPXInc9SRB_aYnddsA6fm7_bR21Uei2EIdHgu-aRSZHp6PH3V-W2FhAwxTAUTNPDu_DNaFW6NK3v8Eg, line 10: Error: WebGL warning: <SetDimensions>: Can't use WebGL in headless mode (https://bugzil.la/1375585).
JavaScript warning: https://static.xx.fbcdn.net/rsrc.php/v3/yh/r/ntJTeGbXQFO.js?_nc_x=pAsM9Lw-doT&_nc_eui2=AeGcyNQKc7sH5_1xSds8Jxps0vTMtMGEPXInc9SRB_aYnddsA6fm7_bR21Uei2EIdHgu-aRSZHp6PH3V-W2FhAwxTAUTNPDu_DNaFW6NK3v8Eg, line 10: Error: WebGL warning: <SetDimensions>: Failed to create WebGL context: WebGL creation failed: 
* Can't use WebGL in headless mode (https://bugzil.la/1375585).
JavaScript warning: https://static.xx.fbcdn.net/rsrc.php/v3/yh/r/ntJTeGbXQFO.js?_nc_x=pAsM9Lw-doT&_nc_eui2=AeGcyNQKc7sH5_1xSds8Jxps0vTMtMGEPXInc9SRB_aYnddsA6fm7_bR21Uei2EIdHgu-aRSZHp6PH3V-W2FhAwxTAUTNPDu_DNaFW6NK3v8Eg, line 10: Error: WebGL warning: <SetDimensions>: Can't use WebGL in headless mode (https://bugzil.la/1375585).
JavaScript warning: https://static.xx.fbcdn.net/rsrc.php/v3/yh/r/ntJTeGbXQFO.js?_nc_x=pAsM9Lw-doT&_nc_eui2=AeGcyNQKc7sH5_1xSds8Jxps0vTMtMGEPXInc9SRB_aYnddsA6fm7_bR21Uei2EIdHgu-aRSZHp6PH3V-W2FhAwxTAUTNPDu_DNaFW6NK3v8Eg, line 10: Error: WebGL warning: <SetDimensions>: Failed to create WebGL context: WebGL creation failed: 
* Can't use WebGL in headless mode (https://bugzil.la/1375585).
JavaScript warning: https://static.xx.fbcdn.net/rsrc.php/v3/yh/r/ntJTeGbXQFO.js?_nc_x=pAsM9Lw-doT&_nc_eui2=AeGcyNQKc7sH5_1xSds8Jxps0vTMtMGEPXInc9SRB_aYnddsA6fm7_bR21Uei2EIdHgu-aRSZHp6PH3V-W2FhAwxTAUTNPDu_DNaFW6NK3v8Eg, line 10: Error: WebGL warning: <SetDimensions>: Can't use WebGL in headless mode (https://bugzil.la/1375585).
JavaScript warning: https://static.xx.fbcdn.net/rsrc.php/v3/yh/r/ntJTeGbXQFO.js?_nc_x=pAsM9Lw-doT&_nc_eui2=AeGcyNQKc7sH5_1xSds8Jxps0vTMtMGEPXInc9SRB_aYnddsA6fm7_bR21Uei2EIdHgu-aRSZHp6PH3V-W2FhAwxTAUTNPDu_DNaFW6NK3v8Eg, line 10: Error: WebGL warning: <SetDimensions>: Failed to create WebGL context: WebGL creation failed: 
* Can't use WebGL in headless mode (https://bugzil.la/1375585).
JavaScript warning: https://static.xx.fbcdn.net/rsrc.php/v3/yh/r/ntJTeGbXQFO.js?_nc_x=pAsM9Lw-doT&_nc_eui2=AeGcyNQKc7sH5_1xSds8Jxps0vTMtMGEPXInc9SRB_aYnddsA6fm7_bR21Uei2EIdHgu-aRSZHp6PH3V-W2FhAwxTAUTNPDu_DNaFW6NK3v8Eg, line 10: Error: WebGL warning: <SetDimensions>: Can't use WebGL in headless mode (https://bugzil.la/1375585).
JavaScript warning: https://static.xx.fbcdn.net/rsrc.php/v3/yh/r/ntJTeGbXQFO.js?_nc_x=pAsM9Lw-doT&_nc_eui2=AeGcyNQKc7sH5_1xSds8Jxps0vTMtMGEPXInc9SRB_aYnddsA6fm7_bR21Uei2EIdHgu-aRSZHp6PH3V-W2FhAwxTAUTNPDu_DNaFW6NK3v8Eg, line 10: Error: WebGL warning: <SetDimensions>: Failed to create WebGL context: WebGL creation failed: 
* Can't use WebGL in headless mode (https://bugzil.la/1375585).
JavaScript warning: https://static.xx.fbcdn.net/rsrc.php/v3/yh/r/ntJTeGbXQFO.js?_nc_x=pAsM9Lw-doT&_nc_eui2=AeGcyNQKc7sH5_1xSds8Jxps0vTMtMGEPXInc9SRB_aYnddsA6fm7_bR21Uei2EIdHgu-aRSZHp6PH3V-W2FhAwxTAUTNPDu_DNaFW6NK3v8Eg, line 10: Error: WebGL warning: <SetDimensions>: Can't use WebGL in headless mode (https://bugzil.la/1375585).
JavaScript warning: https://static.xx.fbcdn.net/rsrc.php/v3/yh/r/ntJTeGbXQFO.js?_nc_x=pAsM9Lw-doT&_nc_eui2=AeGcyNQKc7sH5_1xSds8Jxps0vTMtMGEPXInc9SRB_aYnddsA6fm7_bR21Uei2EIdHgu-aRSZHp6PH3V-W2FhAwxTAUTNPDu_DNaFW6NK3v8Eg, line 10: Error: WebGL warning: <SetDimensions>: Failed to create WebGL context: WebGL creation failed: 
* Can't use WebGL in headless mode (https://bugzil.la/1375585).
JavaScript warning: https://static.xx.fbcdn.net/rsrc.php/v3/yh/r/ntJTeGbXQFO.js?_nc_x=pAsM9Lw-doT&_nc_eui2=AeGcyNQKc7sH5_1xSds8Jxps0vTMtMGEPXInc9SRB_aYnddsA6fm7_bR21Uei2EIdHgu-aRSZHp6PH3V-W2FhAwxTAUTNPDu_DNaFW6NK3v8Eg, line 10: Error: WebGL warning: <SetDimensions>: Can't use WebGL in headless mode (https://bugzil.la/1375585).
JavaScript warning: https://static.xx.fbcdn.net/rsrc.php/v3/yh/r/ntJTeGbXQFO.js?_nc_x=pAsM9Lw-doT&_nc_eui2=AeGcyNQKc7sH5_1xSds8Jxps0vTMtMGEPXInc9SRB_aYnddsA6fm7_bR21Uei2EIdHgu-aRSZHp6PH3V-W2FhAwxTAUTNPDu_DNaFW6NK3v8Eg, line 10: Error: WebGL warning: <SetDimensions>: Failed to create WebGL context: WebGL creation failed: 
* Can't use WebGL in headless mode (https://bugzil.la/1375585).
JavaScript warning: https://static.xx.fbcdn.net/rsrc.php/v3/yh/r/ntJTeGbXQFO.js?_nc_x=pAsM9Lw-doT&_nc_eui2=AeGcyNQKc7sH5_1xSds8Jxps0vTMtMGEPXInc9SRB_aYnddsA6fm7_bR21Uei2EIdHgu-aRSZHp6PH3V-W2FhAwxTAUTNPDu_DNaFW6NK3v8Eg, line 10: Error: WebGL warning: <SetDimensions>: Can't use WebGL in headless mode (https://bugzil.la/1375585).
JavaScript warning: https://static.xx.fbcdn.net/rsrc.php/v3/yh/r/ntJTeGbXQFO.js?_nc_x=pAsM9Lw-doT&_nc_eui2=AeGcyNQKc7sH5_1xSds8Jxps0vTMtMGEPXInc9SRB_aYnddsA6fm7_bR21Uei2EIdHgu-aRSZHp6PH3V-W2FhAwxTAUTNPDu_DNaFW6NK3v8Eg, line 10: Error: WebGL warning: <SetDimensions>: Failed to create WebGL context: WebGL creation failed: 
* Can't use WebGL in headless mode (https://bugzil.la/1375585).
JavaScript warning: https://static.xx.fbcdn.net/rsrc.php/v3/yh/r/ntJTeGbXQFO.js?_nc_x=pAsM9Lw-doT&_nc_eui2=AeGcyNQKc7sH5_1xSds8Jxps0vTMtMGEPXInc9SRB_aYnddsA6fm7_bR21Uei2EIdHgu-aRSZHp6PH3V-W2FhAwxTAUTNPDu_DNaFW6NK3v8Eg, line 10: Error: WebGL warning: <SetDimensions>: Can't use WebGL in headless mode (https://bugzil.la/1375585).
JavaScript warning: https://static.xx.fbcdn.net/rsrc.php/v3/yh/r/ntJTeGbXQFO.js?_nc_x=pAsM9Lw-doT&_nc_eui2=AeGcyNQKc7sH5_1xSds8Jxps0vTMtMGEPXInc9SRB_aYnddsA6fm7_bR21Uei2EIdHgu-aRSZHp6PH3V-W2FhAwxTAUTNPDu_DNaFW6NK3v8Eg, line 10: Error: WebGL warning: <SetDimensions>: Failed to create WebGL context: WebGL creation failed: 
* Can't use WebGL in headless mode (https://bugzil.la/1375585).
JavaScript warning: https://static.xx.fbcdn.net/rsrc.php/v3/yh/r/ntJTeGbXQFO.js?_nc_x=pAsM9Lw-doT&_nc_eui2=AeGcyNQKc7sH5_1xSds8Jxps0vTMtMGEPXInc9SRB_aYnddsA6fm7_bR21Uei2EIdHgu-aRSZHp6PH3V-W2FhAwxTAUTNPDu_DNaFW6NK3v8Eg, line 10: Error: WebGL warning: <SetDimensions>: Can't use WebGL in headless mode (https://bugzil.la/1375585).
JavaScript warning: https://static.xx.fbcdn.net/rsrc.php/v3/yh/r/ntJTeGbXQFO.js?_nc_x=pAsM9Lw-doT&_nc_eui2=AeGcyNQKc7sH5_1xSds8Jxps0vTMtMGEPXInc9SRB_aYnddsA6fm7_bR21Uei2EIdHgu-aRSZHp6PH3V-W2FhAwxTAUTNPDu_DNaFW6NK3v8Eg, line 10: Error: WebGL warning: <SetDimensions>: Failed to create WebGL context: WebGL creation failed: 
* Can't use WebGL in headless mode (https://bugzil.la/1375585).
JavaScript warning: https://static.xx.fbcdn.net/rsrc.php/v3/yh/r/ntJTeGbXQFO.js?_nc_x=pAsM9Lw-doT&_nc_eui2=AeGcyNQKc7sH5_1xSds8Jxps0vTMtMGEPXInc9SRB_aYnddsA6fm7_bR21Uei2EIdHgu-aRSZHp6PH3V-W2FhAwxTAUTNPDu_DNaFW6NK3v8Eg, line 10: Error: WebGL warning: <SetDimensions>: Can't use WebGL in headless mode (https://bugzil.la/1375585).
JavaScript warning: https://static.xx.fbcdn.net/rsrc.php/v3/yh/r/ntJTeGbXQFO.js?_nc_x=pAsM9Lw-doT&_nc_eui2=AeGcyNQKc7sH5_1xSds8Jxps0vTMtMGEPXInc9SRB_aYnddsA6fm7_bR21Uei2EIdHgu-aRSZHp6PH3V-W2FhAwxTAUTNPDu_DNaFW6NK3v8Eg, line 10: Error: WebGL warning: <SetDimensions>: Failed to create WebGL context: WebGL creation failed: 
* Can't use WebGL in headless mode (https://bugzil.la/1375585).
JavaScript warning: https://static.xx.fbcdn.net/rsrc.php/v3/yh/r/ntJTeGbXQFO.js?_nc_x=pAsM9Lw-doT&_nc_eui2=AeGcyNQKc7sH5_1xSds8Jxps0vTMtMGEPXInc9SRB_aYnddsA6fm7_bR21Uei2EIdHgu-aRSZHp6PH3V-W2FhAwxTAUTNPDu_DNaFW6NK3v8Eg, line 10: Error: WebGL warning: <SetDimensions>: Can't use WebGL in headless mode (https://bugzil.la/1375585).
JavaScript warning: https://static.xx.fbcdn.net/rsrc.php/v3/yh/r/ntJTeGbXQFO.js?_nc_x=pAsM9Lw-doT&_nc_eui2=AeGcyNQKc7sH5_1xSds8Jxps0vTMtMGEPXInc9SRB_aYnddsA6fm7_bR21Uei2EIdHgu-aRSZHp6PH3V-W2FhAwxTAUTNPDu_DNaFW6NK3v8Eg, line 10: Error: WebGL warning: <SetDimensions>: Failed to create WebGL context: WebGL creation failed: 
* Can't use WebGL in headless mode (https://bugzil.la/1375585).
JavaScript warning: https://static.xx.fbcdn.net/rsrc.php/v3/yh/r/ntJTeGbXQFO.js?_nc_x=pAsM9Lw-doT&_nc_eui2=AeGcyNQKc7sH5_1xSds8Jxps0vTMtMGEPXInc9SRB_aYnddsA6fm7_bR21Uei2EIdHgu-aRSZHp6PH3V-W2FhAwxTAUTNPDu_DNaFW6NK3v8Eg, line 10: Error: WebGL warning: <SetDimensions>: Can't use WebGL in headless mode (https://bugzil.la/1375585).
JavaScript warning: https://static.xx.fbcdn.net/rsrc.php/v3/yh/r/ntJTeGbXQFO.js?_nc_x=pAsM9Lw-doT&_nc_eui2=AeGcyNQKc7sH5_1xSds8Jxps0vTMtMGEPXInc9SRB_aYnddsA6fm7_bR21Uei2EIdHgu-aRSZHp6PH3V-W2FhAwxTAUTNPDu_DNaFW6NK3v8Eg, line 10: Error: WebGL warning: <SetDimensions>: Failed to create WebGL context: WebGL creation failed: 
* Can't use WebGL in headless mode (https://bugzil.la/1375585).
JavaScript warning: https://static.xx.fbcdn.net/rsrc.php/v3/yh/r/ntJTeGbXQFO.js?_nc_x=pAsM9Lw-doT&_nc_eui2=AeGcyNQKc7sH5_1xSds8Jxps0vTMtMGEPXInc9SRB_aYnddsA6fm7_bR21Uei2EIdHgu-aRSZHp6PH3V-W2FhAwxTAUTNPDu_DNaFW6NK3v8Eg, line 10: Error: WebGL warning: <SetDimensions>: Can't use WebGL in headless mode (https://bugzil.la/1375585).
JavaScript warning: https://static.xx.fbcdn.net/rsrc.php/v3/yh/r/ntJTeGbXQFO.js?_nc_x=pAsM9Lw-doT&_nc_eui2=AeGcyNQKc7sH5_1xSds8Jxps0vTMtMGEPXInc9SRB_aYnddsA6fm7_bR21Uei2EIdHgu-aRSZHp6PH3V-W2FhAwxTAUTNPDu_DNaFW6NK3v8Eg, line 10: Error: WebGL warning: <SetDimensions>: Failed to create WebGL context: WebGL creation failed: 
* Can't use WebGL in headless mode (https://bugzil.la/1375585).
JavaScript warning: https://static.xx.fbcdn.net/rsrc.php/v3/yh/r/ntJTeGbXQFO.js?_nc_x=pAsM9Lw-doT&_nc_eui2=AeGcyNQKc7sH5_1xSds8Jxps0vTMtMGEPXInc9SRB_aYnddsA6fm7_bR21Uei2EIdHgu-aRSZHp6PH3V-W2FhAwxTAUTNPDu_DNaFW6NK3v8Eg, line 10: Error: WebGL warning: <SetDimensions>: Can't use WebGL in headless mode (https://bugzil.la/1375585).
JavaScript warning: https://static.xx.fbcdn.net/rsrc.php/v3/yh/r/ntJTeGbXQFO.js?_nc_x=pAsM9Lw-doT&_nc_eui2=AeGcyNQKc7sH5_1xSds8Jxps0vTMtMGEPXInc9SRB_aYnddsA6fm7_bR21Uei2EIdHgu-aRSZHp6PH3V-W2FhAwxTAUTNPDu_DNaFW6NK3v8Eg, line 10: Error: WebGL warning: <SetDimensions>: Failed to create WebGL context: WebGL creation failed: 
* Can't use WebGL in headless mode (https://bugzil.la/1375585).
JavaScript warning: https://static.xx.fbcdn.net/rsrc.php/v3/yh/r/ntJTeGbXQFO.js?_nc_x=pAsM9Lw-doT&_nc_eui2=AeGcyNQKc7sH5_1xSds8Jxps0vTMtMGEPXInc9SRB_aYnddsA6fm7_bR21Uei2EIdHgu-aRSZHp6PH3V-W2FhAwxTAUTNPDu_DNaFW6NK3v8Eg, line 10: Error: WebGL warning: <SetDimensions>: Can't use WebGL in headless mode (https://bugzil.la/1375585).
JavaScript warning: https://static.xx.fbcdn.net/rsrc.php/v3/yh/r/ntJTeGbXQFO.js?_nc_x=pAsM9Lw-doT&_nc_eui2=AeGcyNQKc7sH5_1xSds8Jxps0vTMtMGEPXInc9SRB_aYnddsA6fm7_bR21Uei2EIdHgu-aRSZHp6PH3V-W2FhAwxTAUTNPDu_DNaFW6NK3v8Eg, line 10: Error: WebGL warning: <SetDimensions>: Failed to create WebGL context: WebGL creation failed: 
* Can't use WebGL in headless mode (https://bugzil.la/1375585).
JavaScript warning: https://static.xx.fbcdn.net/rsrc.php/v3/yh/r/ntJTeGbXQFO.js?_nc_x=pAsM9Lw-doT&_nc_eui2=AeGcyNQKc7sH5_1xSds8Jxps0vTMtMGEPXInc9SRB_aYnddsA6fm7_bR21Uei2EIdHgu-aRSZHp6PH3V-W2FhAwxTAUTNPDu_DNaFW6NK3v8Eg, line 10: Error: WebGL warning: <SetDimensions>: Can't use WebGL in headless mode (https://bugzil.la/1375585).
JavaScript warning: https://static.xx.fbcdn.net/rsrc.php/v3/yh/r/ntJTeGbXQFO.js?_nc_x=pAsM9Lw-doT&_nc_eui2=AeGcyNQKc7sH5_1xSds8Jxps0vTMtMGEPXInc9SRB_aYnddsA6fm7_bR21Uei2EIdHgu-aRSZHp6PH3V-W2FhAwxTAUTNPDu_DNaFW6NK3v8Eg, line 10: Error: WebGL warning: <SetDimensions>: Failed to create WebGL context: WebGL creation failed: 
* Can't use WebGL in headless mode (https://bugzil.la/1375585).
JavaScript warning: https://static.xx.fbcdn.net/rsrc.php/v3/yh/r/ntJTeGbXQFO.js?_nc_x=pAsM9Lw-doT&_nc_eui2=AeGcyNQKc7sH5_1xSds8Jxps0vTMtMGEPXInc9SRB_aYnddsA6fm7_bR21Uei2EIdHgu-aRSZHp6PH3V-W2FhAwxTAUTNPDu_DNaFW6NK3v8Eg, line 10: Error: WebGL warning: <SetDimensions>: Can't use WebGL in headless mode (https://bugzil.la/1375585).
JavaScript warning: https://static.xx.fbcdn.net/rsrc.php/v3/yh/r/ntJTeGbXQFO.js?_nc_x=pAsM9Lw-doT&_nc_eui2=AeGcyNQKc7sH5_1xSds8Jxps0vTMtMGEPXInc9SRB_aYnddsA6fm7_bR21Uei2EIdHgu-aRSZHp6PH3V-W2FhAwxTAUTNPDu_DNaFW6NK3v8Eg, line 10: Error: WebGL warning: <SetDimensions>: Failed to create WebGL context: WebGL creation failed: 
* Can't use WebGL in headless mode (https://bugzil.la/1375585).
JavaScript warning: https://static.xx.fbcdn.net/rsrc.php/v3/yh/r/ntJTeGbXQFO.js?_nc_x=pAsM9Lw-doT&_nc_eui2=AeGcyNQKc7sH5_1xSds8Jxps0vTMtMGEPXInc9SRB_aYnddsA6fm7_bR21Uei2EIdHgu-aRSZHp6PH3V-W2FhAwxTAUTNPDu_DNaFW6NK3v8Eg, line 10: Error: WebGL warning: <SetDimensions>: Can't use WebGL in headless mode (https://bugzil.la/1375585).
JavaScript warning: https://static.xx.fbcdn.net/rsrc.php/v3/yh/r/ntJTeGbXQFO.js?_nc_x=pAsM9Lw-doT&_nc_eui2=AeGcyNQKc7sH5_1xSds8Jxps0vTMtMGEPXInc9SRB_aYnddsA6fm7_bR21Uei2EIdHgu-aRSZHp6PH3V-W2FhAwxTAUTNPDu_DNaFW6NK3v8Eg, line 10: Error: WebGL warning: <SetDimensions>: Failed to create WebGL context: WebGL creation failed: 
* Can't use WebGL in headless mode (https://bugzil.la/1375585).
